Build started 7/25/2013 3:55:43 PM.
     1>Project "C:\Users\Andy\Documents\GitHub\Quake-III-Arena\code\renderer\renderer.vcxproj" on node 4 (Build target(s)).
     1>ClCompile:
         C:\Program Files (x86)\Microsoft Visual Studio 11.0\VC\bin\CL.exe /c /ZI /nologo /W3 /WX- /Od /Oy- /D WIN32 /D _DEBUG /D _LIB /D _MBCS /Gm- /EHsc /RTC1 /MTd /GS /fp:precise /Zc:wchar_t /Zc:forScope /Fo".\Debug_TA/" /Fd".\Debug_TA/vc110.pdb" /FR".\Debug_TA\\" /Gd /TC /analyze- /errorReport:prompt tr_animation.c tr_backend.c tr_bsp.c tr_cmds.c tr_curve.c tr_flares.c tr_font.c tr_image.c tr_init.c tr_light.c tr_main.c tr_marks.c tr_mesh.c tr_model.c tr_noise.c tr_scene.c tr_shade.c tr_shade_calc.c tr_shader.c tr_shadows.c tr_sky.c tr_surface.c tr_world.c ..\win32\win_gamma.c ..\win32\win_glimp.c ..\win32\win_qgl.c "..\jpeg-6\jcapimin.c" "..\jpeg-6\jccoefct.c" "..\jpeg-6\jccolor.c" "..\jpeg-6\jcdctmgr.c" "..\jpeg-6\jchuff.c" "..\jpeg-6\jcinit.c" "..\jpeg-6\jcmainct.c" "..\jpeg-6\jcmarker.c" "..\jpeg-6\jcmaster.c" "..\jpeg-6\jcomapi.c" "..\jpeg-6\jcparam.c" "..\jpeg-6\jcphuff.c" "..\jpeg-6\jcprepct.c" "..\jpeg-6\jcsample.c" "..\jpeg-6\jctrans.c" "..\jpeg-6\jdapimin.c" "..\jpeg-6\jdapistd.c" "..\jpeg-6\jdatadst.c" "..\jpeg-6\jdatasrc.c" "..\jpeg-6\jdcoefct.c" "..\jpeg-6\jdcolor.c" "..\jpeg-6\jddctmgr.c" "..\jpeg-6\jdhuff.c" "..\jpeg-6\jdinput.c" "..\jpeg-6\jdmainct.c" "..\jpeg-6\jdmarker.c" "..\jpeg-6\jdmaster.c" "..\jpeg-6\jdpostct.c" "..\jpeg-6\jdsample.c" "..\jpeg-6\jdtrans.c" "..\jpeg-6\jerror.c" "..\jpeg-6\jfdctflt.c" "..\jpeg-6\jidctflt.c" "..\jpeg-6\jmemmgr.c" "..\jpeg-6\jmemnobs.c" "..\jpeg-6\jutils.c"
         tr_animation.c
         tr_backend.c
         tr_bsp.c
     1>c:\users\andy\documents\github\quake-iii-arena\code\renderer\tr_bsp.c(1704): warning C4996: 'strcpy': This function or variable may be unsafe. Consider using strcpy_s instead. To disable deprecation, use _CRT_SECURE_NO_WARNINGS. See online help for details.
                 c:\program files (x86)\microsoft visual studio 11.0\vc\include\string.h(110) : see declaration of 'strcpy'
     1>c:\users\andy\documents\github\quake-iii-arena\code\renderer\tr_bsp.c(1758): warning C4996: 'sscanf': This function or variable may be unsafe. Consider using sscanf_s instead. To disable deprecation, use _CRT_SECURE_NO_WARNINGS. See online help for details.
                 c:\program files (x86)\microsoft visual studio 11.0\vc\include\stdio.h(311) : see declaration of 'sscanf'
         tr_cmds.c
         tr_curve.c
         tr_flares.c
         tr_font.c
         tr_image.c
     1>c:\users\andy\documents\github\quake-iii-arena\code\renderer\tr_image.c(751): warning C4996: 'strcpy': This function or variable may be unsafe. Consider using strcpy_s instead. To disable deprecation, use _CRT_SECURE_NO_WARNINGS. See online help for details.
                 c:\program files (x86)\microsoft visual studio 11.0\vc\include\string.h(110) : see declaration of 'strcpy'
     1>c:\users\andy\documents\github\quake-iii-arena\code\renderer\tr_image.c(1831): warning C4996: 'strcpy': This function or variable may be unsafe. Consider using strcpy_s instead. To disable deprecation, use _CRT_SECURE_NO_WARNINGS. See online help for details.
                 c:\program files (x86)\microsoft visual studio 11.0\vc\include\string.h(110) : see declaration of 'strcpy'
     1>c:\users\andy\documents\github\quake-iii-arena\code\renderer\tr_image.c(1896): warning C4996: 'strcpy': This function or variable may be unsafe. Consider using strcpy_s instead. To disable deprecation, use _CRT_SECURE_NO_WARNINGS. See online help for details.
                 c:\program files (x86)\microsoft visual studio 11.0\vc\include\string.h(110) : see declaration of 'strcpy'
         tr_init.c
     1>c:\users\andy\documents\github\quake-iii-arena\code\renderer\tr_init.c(212): warning C4996: 'strcpy': This function or variable may be unsafe. Consider using strcpy_s instead. To disable deprecation, use _CRT_SECURE_NO_WARNINGS. See online help for details.
                 c:\program files (x86)\microsoft visual studio 11.0\vc\include\string.h(110) : see declaration of 'strcpy'
     1>c:\users\andy\documents\github\quake-iii-arena\code\renderer\tr_init.c(254): warning C4996: 'strcpy': This function or variable may be unsafe. Consider using strcpy_s instead. To disable deprecation, use _CRT_SECURE_NO_WARNINGS. See online help for details.
                 c:\program files (x86)\microsoft visual studio 11.0\vc\include\string.h(110) : see declaration of 'strcpy'
     1>c:\users\andy\documents\github\quake-iii-arena\code\renderer\tr_init.c(257): warning C4996: 'strcpy': This function or variable may be unsafe. Consider using strcpy_s instead. To disable deprecation, use _CRT_SECURE_NO_WARNINGS. See online help for details.
                 c:\program files (x86)\microsoft visual studio 11.0\vc\include\string.h(110) : see declaration of 'strcpy'
     1>c:\users\andy\documents\github\quake-iii-arena\code\renderer\tr_init.c(260): warning C4996: 'strcpy': This function or variable may be unsafe. Consider using strcpy_s instead. To disable deprecation, use _CRT_SECURE_NO_WARNINGS. See online help for details.
                 c:\program files (x86)\microsoft visual studio 11.0\vc\include\string.h(110) : see declaration of 'strcpy'
     1>c:\users\andy\documents\github\quake-iii-arena\code\renderer\tr_init.c(263): warning C4996: 'strcpy': This function or variable may be unsafe. Consider using strcpy_s instead. To disable deprecation, use _CRT_SECURE_NO_WARNINGS. See online help for details.
                 c:\program files (x86)\microsoft visual studio 11.0\vc\include\string.h(110) : see declaration of 'strcpy'
     1>c:\users\andy\documents\github\quake-iii-arena\code\renderer\tr_init.c(266): warning C4996: 'strcpy': This function or variable may be unsafe. Consider using strcpy_s instead. To disable deprecation, use _CRT_SECURE_NO_WARNINGS. See online help for details.
                 c:\program files (x86)\microsoft visual studio 11.0\vc\include\string.h(110) : see declaration of 'strcpy'
     1>c:\users\andy\documents\github\quake-iii-arena\code\renderer\tr_init.c(269): warning C4996: 'strcpy': This function or variable may be unsafe. Consider using strcpy_s instead. To disable deprecation, use _CRT_SECURE_NO_WARNINGS. See online help for details.
                 c:\program files (x86)\microsoft visual studio 11.0\vc\include\string.h(110) : see declaration of 'strcpy'
     1>c:\users\andy\documents\github\quake-iii-arena\code\renderer\tr_init.c(540): warning C4996: 'sprintf': This function or variable may be unsafe. Consider using sprintf_s instead. To disable deprecation, use _CRT_SECURE_NO_WARNINGS. See online help for details.
                 c:\program files (x86)\microsoft visual studio 11.0\vc\include\stdio.h(357) : see declaration of 'sprintf'
         tr_light.c
         tr_main.c
         tr_marks.c
         tr_mesh.c
         tr_model.c
     1>c:\users\andy\documents\github\quake-iii-arena\code\renderer\tr_model.c(137): warning C4996: 'strcpy': This function or variable may be unsafe. Consider using strcpy_s instead. To disable deprecation, use _CRT_SECURE_NO_WARNINGS. See online help for details.
                 c:\program files (x86)\microsoft visual studio 11.0\vc\include\string.h(110) : see declaration of 'strcpy'
     1>c:\users\andy\documents\github\quake-iii-arena\code\renderer\tr_model.c(145): warning C4996: 'sprintf': This function or variable may be unsafe. Consider using sprintf_s instead. To disable deprecation, use _CRT_SECURE_NO_WARNINGS. See online help for details.
                 c:\program files (x86)\microsoft visual studio 11.0\vc\include\stdio.h(357) : see declaration of 'sprintf'
     1>c:\users\andy\documents\github\quake-iii-arena\code\renderer\tr_model.c(146): warning C4996: 'strcat': This function or variable may be unsafe. Consider using strcat_s instead. To disable deprecation, use _CRT_SECURE_NO_WARNINGS. See online help for details.
                 c:\program files (x86)\microsoft visual studio 11.0\vc\include\string.h(115) : see declaration of 'strcat'
         tr_noise.c
         tr_scene.c
         tr_shade.c
         tr_shade_calc.c
         tr_shader.c
     1>c:\users\andy\documents\github\quake-iii-arena\code\renderer\tr_shader.c(984): warning C4996: 'strcat': This function or variable may be unsafe. Consider using strcat_s instead. To disable deprecation, use _CRT_SECURE_NO_WARNINGS. See online help for details.
                 c:\program files (x86)\microsoft visual studio 11.0\vc\include\string.h(115) : see declaration of 'strcat'
     1>c:\users\andy\documents\github\quake-iii-arena\code\renderer\tr_shader.c(985): warning C4996: 'strcat': This function or variable may be unsafe. Consider using strcat_s instead. To disable deprecation, use _CRT_SECURE_NO_WARNINGS. See online help for details.
                 c:\program files (x86)\microsoft visual studio 11.0\vc\include\string.h(115) : see declaration of 'strcat'
     1>c:\users\andy\documents\github\quake-iii-arena\code\renderer\tr_shader.c(2887): warning C4996: 'strcat': This function or variable may be unsafe. Consider using strcat_s instead. To disable deprecation, use _CRT_SECURE_NO_WARNINGS. See online help for details.
                 c:\program files (x86)\microsoft visual studio 11.0\vc\include\string.h(115) : see declaration of 'strcat'
     1>c:\users\andy\documents\github\quake-iii-arena\code\renderer\tr_shader.c(2889): warning C4996: 'strcat': This function or variable may be unsafe. Consider using strcat_s instead. To disable deprecation, use _CRT_SECURE_NO_WARNINGS. See online help for details.
                 c:\program files (x86)\microsoft visual studio 11.0\vc\include\string.h(115) : see declaration of 'strcat'
         tr_shadows.c
         Generating Code...
         Compiling...
         tr_sky.c
         tr_surface.c
         tr_world.c
         win_gamma.c
         win_glimp.c
     1>c:\users\andy\documents\github\quake-iii-arena\code\win32\win_glimp.c(1368): warning C4996: 'sscanf': This function or variable may be unsafe. Consider using sscanf_s instead. To disable deprecation, use _CRT_SECURE_NO_WARNINGS. See online help for details.
                 c:\program files (x86)\microsoft visual studio 11.0\vc\include\stdio.h(311) : see declaration of 'sscanf'
     1>c:\users\andy\documents\github\quake-iii-arena\code\win32\win_glimp.c(1371): warning C4996: 'sscanf': This function or variable may be unsafe. Consider using sscanf_s instead. To disable deprecation, use _CRT_SECURE_NO_WARNINGS. See online help for details.
                 c:\program files (x86)\microsoft visual studio 11.0\vc\include\stdio.h(311) : see declaration of 'sscanf'
         win_qgl.c
     1>c:\users\andy\documents\github\quake-iii-arena\code\win32\win_qgl.c(787): warning C4996: 'strcpy': This function or variable may be unsafe. Consider using strcpy_s instead. To disable deprecation, use _CRT_SECURE_NO_WARNINGS. See online help for details.
                 c:\program files (x86)\microsoft visual studio 11.0\vc\include\string.h(110) : see declaration of 'strcpy'
     1>c:\users\andy\documents\github\quake-iii-arena\code\win32\win_qgl.c(789): warning C4996: 'strcpy': This function or variable may be unsafe. Consider using strcpy_s instead. To disable deprecation, use _CRT_SECURE_NO_WARNINGS. See online help for details.
                 c:\program files (x86)\microsoft visual studio 11.0\vc\include\string.h(110) : see declaration of 'strcpy'
     1>c:\users\andy\documents\github\quake-iii-arena\code\win32\win_qgl.c(791): warning C4996: 'strcpy': This function or variable may be unsafe. Consider using strcpy_s instead. To disable deprecation, use _CRT_SECURE_NO_WARNINGS. See online help for details.
                 c:\program files (x86)\microsoft visual studio 11.0\vc\include\string.h(110) : see declaration of 'strcpy'
     1>c:\users\andy\documents\github\quake-iii-arena\code\win32\win_qgl.c(793): warning C4996: 'strcpy': This function or variable may be unsafe. Consider using strcpy_s instead. To disable deprecation, use _CRT_SECURE_NO_WARNINGS. See online help for details.
                 c:\program files (x86)\microsoft visual studio 11.0\vc\include\string.h(110) : see declaration of 'strcpy'
     1>c:\users\andy\documents\github\quake-iii-arena\code\win32\win_qgl.c(795): warning C4996: 'strcpy': This function or variable may be unsafe. Consider using strcpy_s instead. To disable deprecation, use _CRT_SECURE_NO_WARNINGS. See online help for details.
                 c:\program files (x86)\microsoft visual studio 11.0\vc\include\string.h(110) : see declaration of 'strcpy'
     1>c:\users\andy\documents\github\quake-iii-arena\code\win32\win_qgl.c(797): warning C4996: 'strcpy': This function or variable may be unsafe. Consider using strcpy_s instead. To disable deprecation, use _CRT_SECURE_NO_WARNINGS. See online help for details.
                 c:\program files (x86)\microsoft visual studio 11.0\vc\include\string.h(110) : see declaration of 'strcpy'
     1>c:\users\andy\documents\github\quake-iii-arena\code\win32\win_qgl.c(799): warning C4996: 'strcpy': This function or variable may be unsafe. Consider using strcpy_s instead. To disable deprecation, use _CRT_SECURE_NO_WARNINGS. See online help for details.
                 c:\program files (x86)\microsoft visual studio 11.0\vc\include\string.h(110) : see declaration of 'strcpy'
     1>c:\users\andy\documents\github\quake-iii-arena\code\win32\win_qgl.c(801): warning C4996: 'strcpy': This function or variable may be unsafe. Consider using strcpy_s instead. To disable deprecation, use _CRT_SECURE_NO_WARNINGS. See online help for details.
                 c:\program files (x86)\microsoft visual studio 11.0\vc\include\string.h(110) : see declaration of 'strcpy'
     1>c:\users\andy\documents\github\quake-iii-arena\code\win32\win_qgl.c(803): warning C4996: 'strcpy': This function or variable may be unsafe. Consider using strcpy_s instead. To disable deprecation, use _CRT_SECURE_NO_WARNINGS. See online help for details.
                 c:\program files (x86)\microsoft visual studio 11.0\vc\include\string.h(110) : see declaration of 'strcpy'
     1>c:\users\andy\documents\github\quake-iii-arena\code\win32\win_qgl.c(805): warning C4996: 'strcpy': This function or variable may be unsafe. Consider using strcpy_s instead. To disable deprecation, use _CRT_SECURE_NO_WARNINGS. See online help for details.
                 c:\program files (x86)\microsoft visual studio 11.0\vc\include\string.h(110) : see declaration of 'strcpy'
     1>c:\users\andy\documents\github\quake-iii-arena\code\win32\win_qgl.c(807): warning C4996: 'sprintf': This function or variable may be unsafe. Consider using sprintf_s instead. To disable deprecation, use _CRT_SECURE_NO_WARNINGS. See online help for details.
                 c:\program files (x86)\microsoft visual studio 11.0\vc\include\stdio.h(357) : see declaration of 'sprintf'
     1>c:\users\andy\documents\github\quake-iii-arena\code\win32\win_qgl.c(839): warning C4996: 'sprintf': This function or variable may be unsafe. Consider using sprintf_s instead. To disable deprecation, use _CRT_SECURE_NO_WARNINGS. See online help for details.
                 c:\program files (x86)\microsoft visual studio 11.0\vc\include\stdio.h(357) : see declaration of 'sprintf'
     1>c:\users\andy\documents\github\quake-iii-arena\code\win32\win_qgl.c(917): warning C4996: 'strcpy': This function or variable may be unsafe. Consider using strcpy_s instead. To disable deprecation, use _CRT_SECURE_NO_WARNINGS. See online help for details.
                 c:\program files (x86)\microsoft visual studio 11.0\vc\include\string.h(110) : see declaration of 'strcpy'
     1>c:\users\andy\documents\github\quake-iii-arena\code\win32\win_qgl.c(920): warning C4996: 'strcpy': This function or variable may be unsafe. Consider using strcpy_s instead. To disable deprecation, use _CRT_SECURE_NO_WARNINGS. See online help for details.
                 c:\program files (x86)\microsoft visual studio 11.0\vc\include\string.h(110) : see declaration of 'strcpy'
     1>c:\users\andy\documents\github\quake-iii-arena\code\win32\win_qgl.c(923): warning C4996: 'strcpy': This function or variable may be unsafe. Consider using strcpy_s instead. To disable deprecation, use _CRT_SECURE_NO_WARNINGS. See online help for details.
                 c:\program files (x86)\microsoft visual studio 11.0\vc\include\string.h(110) : see declaration of 'strcpy'
     1>c:\users\andy\documents\github\quake-iii-arena\code\win32\win_qgl.c(926): warning C4996: 'strcpy': This function or variable may be unsafe. Consider using strcpy_s instead. To disable deprecation, use _CRT_SECURE_NO_WARNINGS. See online help for details.
                 c:\program files (x86)\microsoft visual studio 11.0\vc\include\string.h(110) : see declaration of 'strcpy'
     1>c:\users\andy\documents\github\quake-iii-arena\code\win32\win_qgl.c(929): warning C4996: 'strcpy': This function or variable may be unsafe. Consider using strcpy_s instead. To disable deprecation, use _CRT_SECURE_NO_WARNINGS. See online help for details.
                 c:\program files (x86)\microsoft visual studio 11.0\vc\include\string.h(110) : see declaration of 'strcpy'
     1>c:\users\andy\documents\github\quake-iii-arena\code\win32\win_qgl.c(932): warning C4996: 'strcpy': This function or variable may be unsafe. Consider using strcpy_s instead. To disable deprecation, use _CRT_SECURE_NO_WARNINGS. See online help for details.
                 c:\program files (x86)\microsoft visual studio 11.0\vc\include\string.h(110) : see declaration of 'strcpy'
     1>c:\users\andy\documents\github\quake-iii-arena\code\win32\win_qgl.c(935): warning C4996: 'strcpy': This function or variable may be unsafe. Consider using strcpy_s instead. To disable deprecation, use _CRT_SECURE_NO_WARNINGS. See online help for details.
                 c:\program files (x86)\microsoft visual studio 11.0\vc\include\string.h(110) : see declaration of 'strcpy'
     1>c:\users\andy\documents\github\quake-iii-arena\code\win32\win_qgl.c(938): warning C4996: 'sprintf': This function or variable may be unsafe. Consider using sprintf_s instead. To disable deprecation, use _CRT_SECURE_NO_WARNINGS. See online help for details.
                 c:\program files (x86)\microsoft visual studio 11.0\vc\include\stdio.h(357) : see declaration of 'sprintf'
     1>c:\users\andy\documents\github\quake-iii-arena\code\win32\win_qgl.c(3677): warning C4996: 'localtime': This function or variable may be unsafe. Consider using localtime_s instead. To disable deprecation, use _CRT_SECURE_NO_WARNINGS. See online help for details.
                 c:\program files (x86)\microsoft visual studio 11.0\vc\include\time.inl(112) : see declaration of 'localtime'
     1>c:\users\andy\documents\github\quake-iii-arena\code\win32\win_qgl.c(3679): warning C4996: 'asctime': This function or variable may be unsafe. Consider using asctime_s instead. To disable deprecation, use _CRT_SECURE_NO_WARNINGS. See online help for details.
                 c:\program files (x86)\microsoft visual studio 11.0\vc\include\time.h(153) : see declaration of 'asctime'
     1>c:\users\andy\documents\github\quake-iii-arena\code\win32\win_qgl.c(3683): warning C4996: 'fopen': This function or variable may be unsafe. Consider using fopen_s instead. To disable deprecation, use _CRT_SECURE_NO_WARNINGS. See online help for details.
                 c:\program files (x86)\microsoft visual studio 11.0\vc\include\stdio.h(218) : see declaration of 'fopen'
     1>c:\users\andy\documents\github\quake-iii-arena\code\win32\win_qgl.c(3685): warning C4996: 'asctime': This function or variable may be unsafe. Consider using asctime_s instead. To disable deprecation, use _CRT_SECURE_NO_WARNINGS. See online help for details.
                 c:\program files (x86)\microsoft visual studio 11.0\vc\include\time.h(153) : see declaration of 'asctime'
         jcapimin.c
         jccoefct.c
         jccolor.c
         jcdctmgr.c
         jchuff.c
         jcinit.c
         jcmainct.c
         jcmarker.c
         jcmaster.c
         jcomapi.c
         jcparam.c
         jcphuff.c
         jcprepct.c
         jcsample.c
         Generating Code...
         Compiling...
         jctrans.c
         jdapimin.c
         jdapistd.c
         jdatadst.c
         jdatasrc.c
         jdcoefct.c
         jdcolor.c
         jddctmgr.c
         jdhuff.c
         jdinput.c
         jdmainct.c
         jdmarker.c
         jdmaster.c
         jdpostct.c
         jdsample.c
         jdtrans.c
         jerror.c
     1>c:\users\andy\documents\github\quake-iii-arena\code\jpeg-6\jerror.c(173): warning C4996: 'sprintf': This function or variable may be unsafe. Consider using sprintf_s instead. To disable deprecation, use _CRT_SECURE_NO_WARNINGS. See online help for details.
                 c:\program files (x86)\microsoft visual studio 11.0\vc\include\stdio.h(357) : see declaration of 'sprintf'
     1>c:\users\andy\documents\github\quake-iii-arena\code\jpeg-6\jerror.c(179): warning C4996: 'sprintf': This function or variable may be unsafe. Consider using sprintf_s instead. To disable deprecation, use _CRT_SECURE_NO_WARNINGS. See online help for details.
                 c:\program files (x86)\microsoft visual studio 11.0\vc\include\stdio.h(357) : see declaration of 'sprintf'
         jfdctflt.c
         jidctflt.c
         jmemmgr.c
     1>c:\users\andy\documents\github\quake-iii-arena\code\jpeg-6\jmemmgr.c(1103): warning C4996: 'getenv': This function or variable may be unsafe. Consider using _dupenv_s instead. To disable deprecation, use _CRT_SECURE_NO_WARNINGS. See online help for details.
                 c:\program files (x86)\microsoft visual studio 11.0\vc\include\stdlib.h(449) : see declaration of 'getenv'
     1>c:\users\andy\documents\github\quake-iii-arena\code\jpeg-6\jmemmgr.c(1106): warning C4996: 'sscanf': This function or variable may be unsafe. Consider using sscanf_s instead. To disable deprecation, use _CRT_SECURE_NO_WARNINGS. See online help for details.
                 c:\program files (x86)\microsoft visual studio 11.0\vc\include\stdio.h(311) : see declaration of 'sscanf'
         Generating Code...
         Compiling...
         jmemnobs.c
         jutils.c
         Generating Code...
       Lib:
         C:\Program Files (x86)\Microsoft Visual Studio 11.0\VC\bin\Lib.exe /OUT:".\Debug_TA\renderer.lib" /NOLOGO .\Debug_TA/tr_animation.obj
         .\Debug_TA/tr_backend.obj
         .\Debug_TA/tr_bsp.obj
         .\Debug_TA/tr_cmds.obj
         .\Debug_TA/tr_curve.obj
         .\Debug_TA/tr_flares.obj
         .\Debug_TA/tr_font.obj
         .\Debug_TA/tr_image.obj
         .\Debug_TA/tr_init.obj
         .\Debug_TA/tr_light.obj
         .\Debug_TA/tr_main.obj
         .\Debug_TA/tr_marks.obj
         .\Debug_TA/tr_mesh.obj
         .\Debug_TA/tr_model.obj
         .\Debug_TA/tr_noise.obj
         .\Debug_TA/tr_scene.obj
         .\Debug_TA/tr_shade.obj
         .\Debug_TA/tr_shade_calc.obj
         .\Debug_TA/tr_shader.obj
         .\Debug_TA/tr_shadows.obj
         .\Debug_TA/tr_sky.obj
         .\Debug_TA/tr_surface.obj
         .\Debug_TA/tr_world.obj
         .\Debug_TA/win_gamma.obj
         .\Debug_TA/win_glimp.obj
         .\Debug_TA/win_qgl.obj
         .\Debug_TA/jcapimin.obj
         .\Debug_TA/jccoefct.obj
         .\Debug_TA/jccolor.obj
         .\Debug_TA/jcdctmgr.obj
         .\Debug_TA/jchuff.obj
         .\Debug_TA/jcinit.obj
         .\Debug_TA/jcmainct.obj
         .\Debug_TA/jcmarker.obj
         .\Debug_TA/jcmaster.obj
         .\Debug_TA/jcomapi.obj
         .\Debug_TA/jcparam.obj
         .\Debug_TA/jcphuff.obj
         .\Debug_TA/jcprepct.obj
         .\Debug_TA/jcsample.obj
         .\Debug_TA/jctrans.obj
         .\Debug_TA/jdapimin.obj
         .\Debug_TA/jdapistd.obj
         .\Debug_TA/jdatadst.obj
         .\Debug_TA/jdatasrc.obj
         .\Debug_TA/jdcoefct.obj
         .\Debug_TA/jdcolor.obj
         .\Debug_TA/jddctmgr.obj
         .\Debug_TA/jdhuff.obj
         .\Debug_TA/jdinput.obj
         .\Debug_TA/jdmainct.obj
         .\Debug_TA/jdmarker.obj
         .\Debug_TA/jdmaster.obj
         .\Debug_TA/jdpostct.obj
         .\Debug_TA/jdsample.obj
         .\Debug_TA/jdtrans.obj
         .\Debug_TA/jerror.obj
         .\Debug_TA/jfdctflt.obj
         .\Debug_TA/jidctflt.obj
         .\Debug_TA/jmemmgr.obj
         .\Debug_TA/jmemnobs.obj
         .\Debug_TA/jutils.obj
         renderer.vcxproj -> C:\Users\Andy\Documents\GitHub\Quake-III-Arena\code\renderer\.\Debug_TA\renderer.lib
       BscMake:
         C:\Program Files (x86)\Microsoft Visual Studio 11.0\VC\bin\bscmake.exe /nologo /o".\Debug_TA\renderer.bsc" .\Debug_TA\tr_animation.sbr .\Debug_TA\tr_backend.sbr .\Debug_TA\tr_bsp.sbr .\Debug_TA\tr_cmds.sbr .\Debug_TA\tr_curve.sbr .\Debug_TA\tr_flares.sbr .\Debug_TA\tr_font.sbr .\Debug_TA\tr_image.sbr .\Debug_TA\tr_init.sbr .\Debug_TA\tr_light.sbr .\Debug_TA\tr_main.sbr .\Debug_TA\tr_marks.sbr .\Debug_TA\tr_mesh.sbr .\Debug_TA\tr_model.sbr .\Debug_TA\tr_noise.sbr .\Debug_TA\tr_scene.sbr .\Debug_TA\tr_shade.sbr .\Debug_TA\tr_shade_calc.sbr .\Debug_TA\tr_shader.sbr .\Debug_TA\tr_shadows.sbr .\Debug_TA\tr_sky.sbr .\Debug_TA\tr_surface.sbr .\Debug_TA\tr_world.sbr .\Debug_TA\win_gamma.sbr .\Debug_TA\win_glimp.sbr .\Debug_TA\win_qgl.sbr .\Debug_TA\jcapimin.sbr .\Debug_TA\jccoefct.sbr .\Debug_TA\jccolor.sbr .\Debug_TA\jcdctmgr.sbr .\Debug_TA\jchuff.sbr .\Debug_TA\jcinit.sbr .\Debug_TA\jcmainct.sbr .\Debug_TA\jcmarker.sbr .\Debug_TA\jcmaster.sbr .\Debug_TA\jcomapi.sbr .\Debug_TA\jcparam.sbr .\Debug_TA\jcphuff.sbr .\Debug_TA\jcprepct.sbr .\Debug_TA\jcsample.sbr .\Debug_TA\jctrans.sbr .\Debug_TA\jdapimin.sbr .\Debug_TA\jdapistd.sbr .\Debug_TA\jdatadst.sbr .\Debug_TA\jdatasrc.sbr .\Debug_TA\jdcoefct.sbr .\Debug_TA\jdcolor.sbr .\Debug_TA\jddctmgr.sbr .\Debug_TA\jdhuff.sbr .\Debug_TA\jdinput.sbr .\Debug_TA\jdmainct.sbr .\Debug_TA\jdmarker.sbr .\Debug_TA\jdmaster.sbr .\Debug_TA\jdpostct.sbr .\Debug_TA\jdsample.sbr .\Debug_TA\jdtrans.sbr .\Debug_TA\jerror.sbr .\Debug_TA\jfdctflt.sbr .\Debug_TA\jidctflt.sbr .\Debug_TA\jmemmgr.sbr .\Debug_TA\jmemnobs.sbr .\Debug_TA\jutils.sbr
     1>Done Building Project "C:\Users\Andy\Documents\GitHub\Quake-III-Arena\code\renderer\renderer.vcxproj" (Build target(s)).

Build succeeded.

Time Elapsed 00:00:22.60
