Build started 7/25/2013 4:15:55 PM.
     1>Project "C:\Users\Andy\Documents\GitHub\Quake-III-Arena\code\ui\ui.vcxproj" on node 3 (Build target(s)).
     1>ClCompile:
         C:\Program Files (x86)\Microsoft Visual Studio 11.0\VC\bin\CL.exe /c /Zi /nologo /W3 /WX- /O2 /Ob1 /Oy- /D WIN32 /D NDEBUG /D _WINDOWS /D _MBCS /D _USRDLL /D UI_EXPORTS /GF /Gm- /EHsc /MT /GS /Gy /fp:precise /Zc:wchar_t /Zc:forScope /Fo".\Release_TA/" /Fd".\Release_TA/vc110.pdb" /Gd /TC /analyze- /errorReport:prompt ..\game\bg_misc.c ..\game\q_math.c ..\game\q_shared.c ui_atoms.c ui_gameinfo.c ui_main.c ui_players.c ui_shared.c ui_syscalls.c ui_util.c
         bg_misc.c
         q_math.c
         q_shared.c
     1>..\game\q_shared.c(268): warning C4996: 'vsprintf': This function or variable may be unsafe. Consider using vsprintf_s instead. To disable deprecation, use _CRT_SECURE_NO_WARNINGS. See online help for details.
                 C:\Program Files (x86)\Microsoft Visual Studio 11.0\VC\include\stdio.h(357) : see declaration of 'vsprintf'
     1>..\game\q_shared.c(280): warning C4996: 'vsprintf': This function or variable may be unsafe. Consider using vsprintf_s instead. To disable deprecation, use _CRT_SECURE_NO_WARNINGS. See online help for details.
                 C:\Program Files (x86)\Microsoft Visual Studio 11.0\VC\include\stdio.h(357) : see declaration of 'vsprintf'
     1>..\game\q_shared.c(723): warning C4996: 'strncpy': This function or variable may be unsafe. Consider using strncpy_s instead. To disable deprecation, use _CRT_SECURE_NO_WARNINGS. See online help for details.
                 C:\Program Files (x86)\Microsoft Visual Studio 11.0\VC\include\string.h(191) : see declaration of 'strncpy'
     1>..\game\q_shared.c(876): warning C4996: 'vsprintf': This function or variable may be unsafe. Consider using vsprintf_s instead. To disable deprecation, use _CRT_SECURE_NO_WARNINGS. See online help for details.
                 C:\Program Files (x86)\Microsoft Visual Studio 11.0\VC\include\stdio.h(357) : see declaration of 'vsprintf'
     1>..\game\q_shared.c(912): warning C4996: 'vsprintf': This function or variable may be unsafe. Consider using vsprintf_s instead. To disable deprecation, use _CRT_SECURE_NO_WARNINGS. See online help for details.
                 C:\Program Files (x86)\Microsoft Visual Studio 11.0\VC\include\stdio.h(357) : see declaration of 'vsprintf'
     1>..\game\q_shared.c(1072): warning C4996: 'strcpy': This function or variable may be unsafe. Consider using strcpy_s instead. To disable deprecation, use _CRT_SECURE_NO_WARNINGS. See online help for details.
     1>..\game\q_shared.c(1127): warning C4996: 'strcpy': This function or variable may be unsafe. Consider using strcpy_s instead. To disable deprecation, use _CRT_SECURE_NO_WARNINGS. See online help for details.
     1>..\game\q_shared.c(1202): warning C4996: 'strcat': This function or variable may be unsafe. Consider using strcat_s instead. To disable deprecation, use _CRT_SECURE_NO_WARNINGS. See online help for details.
     1>..\game\q_shared.c(1203): warning C4996: 'strcpy': This function or variable may be unsafe. Consider using strcpy_s instead. To disable deprecation, use _CRT_SECURE_NO_WARNINGS. See online help for details.
     1>..\game\q_shared.c(1250): warning C4996: 'strcat': This function or variable may be unsafe. Consider using strcat_s instead. To disable deprecation, use _CRT_SECURE_NO_WARNINGS. See online help for details.
         ui_atoms.c
     1>ui_atoms.c(40): warning C4996: 'vsprintf': This function or variable may be unsafe. Consider using vsprintf_s instead. To disable deprecation, use _CRT_SECURE_NO_WARNINGS. See online help for details.
                 C:\Program Files (x86)\Microsoft Visual Studio 11.0\VC\include\stdio.h(357) : see declaration of 'vsprintf'
     1>ui_atoms.c(51): warning C4996: 'vsprintf': This function or variable may be unsafe. Consider using vsprintf_s instead. To disable deprecation, use _CRT_SECURE_NO_WARNINGS. See online help for details.
                 C:\Program Files (x86)\Microsoft Visual Studio 11.0\VC\include\stdio.h(357) : see declaration of 'vsprintf'
         ui_gameinfo.c
     1>ui_gameinfo.c(88): warning C4996: 'strcpy': This function or variable may be unsafe. Consider using strcpy_s instead. To disable deprecation, use _CRT_SECURE_NO_WARNINGS. See online help for details.
     1>ui_gameinfo.c(95): warning C4996: 'strcpy': This function or variable may be unsafe. Consider using strcpy_s instead. To disable deprecation, use _CRT_SECURE_NO_WARNINGS. See online help for details.
     1>ui_gameinfo.c(161): warning C4996: 'strcpy': This function or variable may be unsafe. Consider using strcpy_s instead. To disable deprecation, use _CRT_SECURE_NO_WARNINGS. See online help for details.
     1>ui_gameinfo.c(162): warning C4996: 'strcat': This function or variable may be unsafe. Consider using strcat_s instead. To disable deprecation, use _CRT_SECURE_NO_WARNINGS. See online help for details.
     1>ui_gameinfo.c(272): warning C4996: 'strcpy': This function or variable may be unsafe. Consider using strcpy_s instead. To disable deprecation, use _CRT_SECURE_NO_WARNINGS. See online help for details.
     1>ui_gameinfo.c(273): warning C4996: 'strcat': This function or variable may be unsafe. Consider using strcat_s instead. To disable deprecation, use _CRT_SECURE_NO_WARNINGS. See online help for details.
         ui_main.c
     1>ui_main.c(989): warning C4996: 'strcpy': This function or variable may be unsafe. Consider using strcpy_s instead. To disable deprecation, use _CRT_SECURE_NO_WARNINGS. See online help for details.
     1>ui_main.c(1280): warning C4996: 'strcpy': This function or variable may be unsafe. Consider using strcpy_s instead. To disable deprecation, use _CRT_SECURE_NO_WARNINGS. See online help for details.
     1>ui_main.c(1281): warning C4996: 'strcpy': This function or variable may be unsafe. Consider using strcpy_s instead. To disable deprecation, use _CRT_SECURE_NO_WARNINGS. See online help for details.
     1>ui_main.c(1289): warning C4996: 'strcpy': This function or variable may be unsafe. Consider using strcpy_s instead. To disable deprecation, use _CRT_SECURE_NO_WARNINGS. See online help for details.
     1>ui_main.c(1290): warning C4996: 'strcpy': This function or variable may be unsafe. Consider using strcpy_s instead. To disable deprecation, use _CRT_SECURE_NO_WARNINGS. See online help for details.
     1>ui_main.c(1291): warning C4996: 'strcpy': This function or variable may be unsafe. Consider using strcpy_s instead. To disable deprecation, use _CRT_SECURE_NO_WARNINGS. See online help for details.
     1>ui_main.c(1490): warning C4996: 'strcpy': This function or variable may be unsafe. Consider using strcpy_s instead. To disable deprecation, use _CRT_SECURE_NO_WARNINGS. See online help for details.
     1>ui_main.c(1491): warning C4996: 'strcpy': This function or variable may be unsafe. Consider using strcpy_s instead. To disable deprecation, use _CRT_SECURE_NO_WARNINGS. See online help for details.
     1>ui_main.c(3477): warning C4996: 'strcpy': This function or variable may be unsafe. Consider using strcpy_s instead. To disable deprecation, use _CRT_SECURE_NO_WARNINGS. See online help for details.
     1>ui_main.c(3486): warning C4996: 'strcpy': This function or variable may be unsafe. Consider using strcpy_s instead. To disable deprecation, use _CRT_SECURE_NO_WARNINGS. See online help for details.
     1>ui_main.c(3514): warning C4996: 'strcpy': This function or variable may be unsafe. Consider using strcpy_s instead. To disable deprecation, use _CRT_SECURE_NO_WARNINGS. See online help for details.
     1>ui_main.c(3749): warning C4996: 'strcpy': This function or variable may be unsafe. Consider using strcpy_s instead. To disable deprecation, use _CRT_SECURE_NO_WARNINGS. See online help for details.
     1>ui_main.c(5519): warning C4996: 'strcpy': This function or variable may be unsafe. Consider using strcpy_s instead. To disable deprecation, use _CRT_SECURE_NO_WARNINGS. See online help for details.
         ui_players.c
     1>ui_players.c(92): warning C4996: 'strcpy': This function or variable may be unsafe. Consider using strcpy_s instead. To disable deprecation, use _CRT_SECURE_NO_WARNINGS. See online help for details.
     1>ui_players.c(94): warning C4996: 'strcat': This function or variable may be unsafe. Consider using strcat_s instead. To disable deprecation, use _CRT_SECURE_NO_WARNINGS. See online help for details.
     1>ui_players.c(98): warning C4996: 'strcpy': This function or variable may be unsafe. Consider using strcpy_s instead. To disable deprecation, use _CRT_SECURE_NO_WARNINGS. See online help for details.
     1>ui_players.c(100): warning C4996: 'strcat': This function or variable may be unsafe. Consider using strcat_s instead. To disable deprecation, use _CRT_SECURE_NO_WARNINGS. See online help for details.
         ui_shared.c
     1>ui_shared.c(190): warning C4996: 'strcpy': This function or variable may be unsafe. Consider using strcpy_s instead. To disable deprecation, use _CRT_SECURE_NO_WARNINGS. See online help for details.
     1>ui_shared.c(261): warning C4996: 'vsprintf': This function or variable may be unsafe. Consider using vsprintf_s instead. To disable deprecation, use _CRT_SECURE_NO_WARNINGS. See online help for details.
                 C:\Program Files (x86)\Microsoft Visual Studio 11.0\VC\include\stdio.h(357) : see declaration of 'vsprintf'
     1>ui_shared.c(283): warning C4996: 'vsprintf': This function or variable may be unsafe. Consider using vsprintf_s instead. To disable deprecation, use _CRT_SECURE_NO_WARNINGS. See online help for details.
                 C:\Program Files (x86)\Microsoft Visual Studio 11.0\VC\include\stdio.h(357) : see declaration of 'vsprintf'
     1>ui_shared.c(2943): warning C4996: 'strncpy': This function or variable may be unsafe. Consider using strncpy_s instead. To disable deprecation, use _CRT_SECURE_NO_WARNINGS. See online help for details.
                 C:\Program Files (x86)\Microsoft Visual Studio 11.0\VC\include\string.h(191) : see declaration of 'strncpy'
     1>ui_shared.c(3373): warning C4996: 'strcat': This function or variable may be unsafe. Consider using strcat_s instead. To disable deprecation, use _CRT_SECURE_NO_WARNINGS. See online help for details.
     1>ui_shared.c(3374): warning C4996: 'strcat': This function or variable may be unsafe. Consider using strcat_s instead. To disable deprecation, use _CRT_SECURE_NO_WARNINGS. See online help for details.
     1>ui_shared.c(3379): warning C4996: 'strcpy': This function or variable may be unsafe. Consider using strcpy_s instead. To disable deprecation, use _CRT_SECURE_NO_WARNINGS. See online help for details.
         ui_syscalls.c
         ui_util.c
         Generating Code...
     1>C:\Program Files (x86)\MSBuild\Microsoft.Cpp\v4.0\V110\Microsoft.CppBuild.targets(1137,5): warning MSB8012: TargetPath(C:\Users\Andy\Documents\GitHub\Quake-III-Arena\code\ui\.\Release_TA\ui.dll) does not match the Linker's OutputFile property value (C:\Users\Andy\Documents\GitHub\Quake-III-Arena\code\Release_TA\uix86.dll). This may cause your project to build incorrectly. To correct this, please make sure that $(OutDir), $(TargetName) and $(TargetExt) property values match the value specified in %(Link.OutputFile).
     1>C:\Program Files (x86)\MSBuild\Microsoft.Cpp\v4.0\V110\Microsoft.CppBuild.targets(1139,5): warning MSB8012: TargetName(ui) does not match the Linker's OutputFile property value (uix86). This may cause your project to build incorrectly. To correct this, please make sure that $(OutDir), $(TargetName) and $(TargetExt) property values match the value specified in %(Link.OutputFile).
       Link:
         C:\Program Files (x86)\Microsoft Visual Studio 11.0\VC\bin\link.exe /ERRORREPORT:PROMPT /OUT:"../Release_TA/uix86.dll" /INCREMENTAL:NO /NOLOGO odbc32.lib odbccp32.lib kernel32.lib user32.lib gdi32.lib winspool.lib comdlg32.lib advapi32.lib shell32.lib ole32.lib oleaut32.lib uuid.lib odbc32.lib odbccp32.lib /DEF:".\ui.def" /MANIFEST /MANIFESTUAC:"level='asInvoker' uiAccess='false'" /manifest:embed /PDB:".\Release_TA/uix86.pdb" /MAP:".\Release_TA/uix86.map" /TLBID:1 /BASE:"0x40000000" /DYNAMICBASE /NXCOMPAT /IMPLIB:".\Release_TA/uix86.lib" /MACHINE:X86 /SAFESEH /DLL .\Release_TA/bg_misc.obj
         .\Release_TA/q_math.obj
         .\Release_TA/q_shared.obj
         .\Release_TA/ui_atoms.obj
         .\Release_TA/ui_gameinfo.obj
         .\Release_TA/ui_main.obj
         .\Release_TA/ui_players.obj
         .\Release_TA/ui_shared.obj
         .\Release_TA/ui_syscalls.obj
         .\Release_TA/ui_util.obj
            Creating library .\Release_TA/uix86.lib and object .\Release_TA/uix86.exp
         ui.vcxproj -> C:\Users\Andy\Documents\GitHub\Quake-III-Arena\code\ui\.\Release_TA\ui.dll
     1>Done Building Project "C:\Users\Andy\Documents\GitHub\Quake-III-Arena\code\ui\ui.vcxproj" (Build target(s)).

Build succeeded.

Time Elapsed 00:00:01.36
