Build started 7/25/2013 4:17:23 PM.
     1>Project "C:\Users\Andy\Documents\GitHub\Quake-III-Arena\code\quake3.vcxproj" on node 4 (Build target(s)).
     1>ClCompile:
         C:\Program Files (x86)\Microsoft Visual Studio 11.0\VC\bin\CL.exe /c /ZI /nologo /W3 /WX- /Od /Oy- /D WIN32 /D _DEBUG /D _WINDOWS /Gm- /EHsc /MTd /GS /fp:precise /Zc:wchar_t /Zc:forScope /Fo".\Debug/" /Fd".\Debug/vc110.pdb" /FR".\Debug/" /Gd /TC /analyze- /errorReport:prompt client\cl_cgame.c client\cl_cin.c client\cl_console.c client\cl_input.c client\cl_keys.c client\cl_main.c client\cl_net_chan.c client\cl_parse.c client\cl_scrn.c client\cl_ui.c qcommon\cm_load.c qcommon\cm_patch.c qcommon\cm_polylib.c qcommon\cm_test.c qcommon\cm_trace.c qcommon\cmd.c qcommon\common.c qcommon\cvar.c qcommon\files.c qcommon\huffman.c qcommon\md4.c qcommon\msg.c qcommon\net_chan.c game\q_math.c game\q_shared.c client\snd_adpcm.c client\snd_dma.c client\snd_mem.c client\snd_mix.c client\snd_wavelet.c server\sv_bot.c server\sv_ccmds.c server\sv_client.c server\sv_game.c server\sv_init.c server\sv_main.c server\sv_net_chan.c server\sv_snapshot.c server\sv_world.c qcommon\unzip.c qcommon\vm.c qcommon\vm_interpreted.c qcommon\vm_x86.c win32\win_input.c win32\win_main.c win32\win_net.c win32\win_shared.c win32\win_snd.c win32\win_syscon.c win32\win_wndproc.c
         cl_cgame.c
     1>c:\users\andy\documents\github\quake-iii-arena\code\client\cl_cgame.c(314): warning C4996: 'strcat': This function or variable may be unsafe. Consider using strcat_s instead. To disable deprecation, use _CRT_SECURE_NO_WARNINGS. See online help for details.
                 c:\program files (x86)\microsoft visual studio 11.0\vc\include\string.h(115) : see declaration of 'strcat'
     1>c:\users\andy\documents\github\quake-iii-arena\code\client\cl_cgame.c(323): warning C4996: 'strcat': This function or variable may be unsafe. Consider using strcat_s instead. To disable deprecation, use _CRT_SECURE_NO_WARNINGS. See online help for details.
                 c:\program files (x86)\microsoft visual studio 11.0\vc\include\string.h(115) : see declaration of 'strcat'
     1>c:\users\andy\documents\github\quake-iii-arena\code\client\cl_cgame.c(324): warning C4996: 'strcat': This function or variable may be unsafe. Consider using strcat_s instead. To disable deprecation, use _CRT_SECURE_NO_WARNINGS. See online help for details.
                 c:\program files (x86)\microsoft visual studio 11.0\vc\include\string.h(115) : see declaration of 'strcat'
     1>c:\users\andy\documents\github\quake-iii-arena\code\client\cl_cgame.c(626): warning C4996: 'strncpy': This function or variable may be unsafe. Consider using strncpy_s instead. To disable deprecation, use _CRT_SECURE_NO_WARNINGS. See online help for details.
                 c:\program files (x86)\microsoft visual studio 11.0\vc\include\string.h(191) : see declaration of 'strncpy'
         cl_cin.c
     1>c:\users\andy\documents\github\quake-iii-arena\code\client\cl_cin.c(1507): warning C4996: 'strcpy': This function or variable may be unsafe. Consider using strcpy_s instead. To disable deprecation, use _CRT_SECURE_NO_WARNINGS. See online help for details.
                 c:\program files (x86)\microsoft visual studio 11.0\vc\include\string.h(110) : see declaration of 'strcpy'
         cl_console.c
     1>c:\users\andy\documents\github\quake-iii-arena\code\client\cl_console.c(218): warning C4996: 'strcat': This function or variable may be unsafe. Consider using strcat_s instead. To disable deprecation, use _CRT_SECURE_NO_WARNINGS. See online help for details.
                 c:\program files (x86)\microsoft visual studio 11.0\vc\include\string.h(115) : see declaration of 'strcat'
         cl_input.c
         cl_keys.c
     1>c:\users\andy\documents\github\quake-iii-arena\code\client\cl_keys.c(913): warning C4996: 'strcat': This function or variable may be unsafe. Consider using strcat_s instead. To disable deprecation, use _CRT_SECURE_NO_WARNINGS. See online help for details.
                 c:\program files (x86)\microsoft visual studio 11.0\vc\include\string.h(115) : see declaration of 'strcat'
     1>c:\users\andy\documents\github\quake-iii-arena\code\client\cl_keys.c(915): warning C4996: 'strcat': This function or variable may be unsafe. Consider using strcat_s instead. To disable deprecation, use _CRT_SECURE_NO_WARNINGS. See online help for details.
                 c:\program files (x86)\microsoft visual studio 11.0\vc\include\string.h(115) : see declaration of 'strcat'
         cl_main.c
     1>c:\users\andy\documents\github\quake-iii-arena\code\client\cl_main.c(972): warning C4996: 'strcpy': This function or variable may be unsafe. Consider using strcpy_s instead. To disable deprecation, use _CRT_SECURE_NO_WARNINGS. See online help for details.
                 c:\program files (x86)\microsoft visual studio 11.0\vc\include\string.h(110) : see declaration of 'strcpy'
     1>c:\users\andy\documents\github\quake-iii-arena\code\client\cl_main.c(973): warning C4996: 'strcat': This function or variable may be unsafe. Consider using strcat_s instead. To disable deprecation, use _CRT_SECURE_NO_WARNINGS. See online help for details.
                 c:\program files (x86)\microsoft visual studio 11.0\vc\include\string.h(115) : see declaration of 'strcat'
     1>c:\users\andy\documents\github\quake-iii-arena\code\client\cl_main.c(976): warning C4996: 'strcat': This function or variable may be unsafe. Consider using strcat_s instead. To disable deprecation, use _CRT_SECURE_NO_WARNINGS. See online help for details.
                 c:\program files (x86)\microsoft visual studio 11.0\vc\include\string.h(115) : see declaration of 'strcat'
     1>c:\users\andy\documents\github\quake-iii-arena\code\client\cl_main.c(977): warning C4996: 'strcat': This function or variable may be unsafe. Consider using strcat_s instead. To disable deprecation, use _CRT_SECURE_NO_WARNINGS. See online help for details.
                 c:\program files (x86)\microsoft visual studio 11.0\vc\include\string.h(115) : see declaration of 'strcat'
     1>c:\users\andy\documents\github\quake-iii-arena\code\client\cl_main.c(980): warning C4996: 'putenv': The POSIX name for this item is deprecated. Instead, use the ISO C++ conformant name: _putenv. See online help for details.
                 c:\program files (x86)\microsoft visual studio 11.0\vc\include\stdlib.h(913) : see declaration of 'putenv'
     1>c:\users\andy\documents\github\quake-iii-arena\code\client\cl_main.c(982): warning C4996: 'getenv': This function or variable may be unsafe. Consider using _dupenv_s instead. To disable deprecation, use _CRT_SECURE_NO_WARNINGS. See online help for details.
                 c:\program files (x86)\microsoft visual studio 11.0\vc\include\stdlib.h(449) : see declaration of 'getenv'
     1>c:\users\andy\documents\github\quake-iii-arena\code\client\cl_main.c(1118): warning C4996: 'strcat': This function or variable may be unsafe. Consider using strcat_s instead. To disable deprecation, use _CRT_SECURE_NO_WARNINGS. See online help for details.
                 c:\program files (x86)\microsoft visual studio 11.0\vc\include\string.h(115) : see declaration of 'strcat'
     1>c:\users\andy\documents\github\quake-iii-arena\code\client\cl_main.c(1120): warning C4996: 'strcat': This function or variable may be unsafe. Consider using strcat_s instead. To disable deprecation, use _CRT_SECURE_NO_WARNINGS. See online help for details.
                 c:\program files (x86)\microsoft visual studio 11.0\vc\include\string.h(115) : see declaration of 'strcat'
     1>c:\users\andy\documents\github\quake-iii-arena\code\client\cl_main.c(1121): warning C4996: 'strcat': This function or variable may be unsafe. Consider using strcat_s instead. To disable deprecation, use _CRT_SECURE_NO_WARNINGS. See online help for details.
                 c:\program files (x86)\microsoft visual studio 11.0\vc\include\string.h(115) : see declaration of 'strcat'
     1>c:\users\andy\documents\github\quake-iii-arena\code\client\cl_main.c(1124): warning C4996: 'strcat': This function or variable may be unsafe. Consider using strcat_s instead. To disable deprecation, use _CRT_SECURE_NO_WARNINGS. See online help for details.
                 c:\program files (x86)\microsoft visual studio 11.0\vc\include\string.h(115) : see declaration of 'strcat'
     1>c:\users\andy\documents\github\quake-iii-arena\code\client\cl_main.c(1534): warning C4996: 'strcpy': This function or variable may be unsafe. Consider using strcpy_s instead. To disable deprecation, use _CRT_SECURE_NO_WARNINGS. See online help for details.
                 c:\program files (x86)\microsoft visual studio 11.0\vc\include\string.h(110) : see declaration of 'strcpy'
     1>c:\users\andy\documents\github\quake-iii-arena\code\client\cl_main.c(2084): warning C4996: '_vsnprintf': This function or variable may be unsafe. Consider using _vsnprintf_s instead. To disable deprecation, use _CRT_SECURE_NO_WARNINGS. See online help for details.
                 c:\program files (x86)\microsoft visual studio 11.0\vc\include\stdio.h(349) : see declaration of '_vsnprintf'
     1>c:\users\andy\documents\github\quake-iii-arena\code\client\cl_main.c(2609): warning C4996: 'strncat': This function or variable may be unsafe. Consider using strncat_s instead. To disable deprecation, use _CRT_SECURE_NO_WARNINGS. See online help for details.
                 c:\program files (x86)\microsoft visual studio 11.0\vc\include\string.h(182) : see declaration of 'strncat'
     1>c:\users\andy\documents\github\quake-iii-arena\code\client\cl_main.c(2784): warning C4996: 'sscanf': This function or variable may be unsafe. Consider using sscanf_s instead. To disable deprecation, use _CRT_SECURE_NO_WARNINGS. See online help for details.
                 c:\program files (x86)\microsoft visual studio 11.0\vc\include\stdio.h(311) : see declaration of 'sscanf'
     1>c:\users\andy\documents\github\quake-iii-arena\code\client\cl_main.c(2888): warning C4996: 'sprintf': This function or variable may be unsafe. Consider using sprintf_s instead. To disable deprecation, use _CRT_SECURE_NO_WARNINGS. See online help for details.
                 c:\program files (x86)\microsoft visual studio 11.0\vc\include\stdio.h(357) : see declaration of 'sprintf'
     1>c:\users\andy\documents\github\quake-iii-arena\code\client\cl_main.c(2894): warning C4996: 'sprintf': This function or variable may be unsafe. Consider using sprintf_s instead. To disable deprecation, use _CRT_SECURE_NO_WARNINGS. See online help for details.
                 c:\program files (x86)\microsoft visual studio 11.0\vc\include\stdio.h(357) : see declaration of 'sprintf'
     1>c:\users\andy\documents\github\quake-iii-arena\code\client\cl_main.c(2898): warning C4996: 'sprintf': This function or variable may be unsafe. Consider using sprintf_s instead. To disable deprecation, use _CRT_SECURE_NO_WARNINGS. See online help for details.
                 c:\program files (x86)\microsoft visual studio 11.0\vc\include\stdio.h(357) : see declaration of 'sprintf'
     1>c:\users\andy\documents\github\quake-iii-arena\code\client\cl_main.c(3311): warning C4996: 'sprintf': This function or variable may be unsafe. Consider using sprintf_s instead. To disable deprecation, use _CRT_SECURE_NO_WARNINGS. See online help for details.
                 c:\program files (x86)\microsoft visual studio 11.0\vc\include\stdio.h(357) : see declaration of 'sprintf'
         cl_net_chan.c
         cl_parse.c
         cl_scrn.c
     1>c:\users\andy\documents\github\quake-iii-arena\code\client\cl_scrn.c(340): warning C4996: 'sprintf': This function or variable may be unsafe. Consider using sprintf_s instead. To disable deprecation, use _CRT_SECURE_NO_WARNINGS. See online help for details.
                 c:\program files (x86)\microsoft visual studio 11.0\vc\include\stdio.h(357) : see declaration of 'sprintf'
         cl_ui.c
     1>c:\users\andy\documents\github\quake-iii-arena\code\client\cl_ui.c(1046): warning C4996: 'strncpy': This function or variable may be unsafe. Consider using strncpy_s instead. To disable deprecation, use _CRT_SECURE_NO_WARNINGS. See online help for details.
                 c:\program files (x86)\microsoft visual studio 11.0\vc\include\string.h(191) : see declaration of 'strncpy'
         cm_load.c
         cm_patch.c
         cm_polylib.c
         cm_test.c
         cm_trace.c
         cmd.c
     1>c:\users\andy\documents\github\quake-iii-arena\code\qcommon\cmd.c(371): warning C4996: 'strcat': This function or variable may be unsafe. Consider using strcat_s instead. To disable deprecation, use _CRT_SECURE_NO_WARNINGS. See online help for details.
                 c:\program files (x86)\microsoft visual studio 11.0\vc\include\string.h(115) : see declaration of 'strcat'
     1>c:\users\andy\documents\github\quake-iii-arena\code\qcommon\cmd.c(373): warning C4996: 'strcat': This function or variable may be unsafe. Consider using strcat_s instead. To disable deprecation, use _CRT_SECURE_NO_WARNINGS. See online help for details.
                 c:\program files (x86)\microsoft visual studio 11.0\vc\include\string.h(115) : see declaration of 'strcat'
     1>c:\users\andy\documents\github\quake-iii-arena\code\qcommon\cmd.c(395): warning C4996: 'strcat': This function or variable may be unsafe. Consider using strcat_s instead. To disable deprecation, use _CRT_SECURE_NO_WARNINGS. See online help for details.
                 c:\program files (x86)\microsoft visual studio 11.0\vc\include\string.h(115) : see declaration of 'strcat'
     1>c:\users\andy\documents\github\quake-iii-arena\code\qcommon\cmd.c(397): warning C4996: 'strcat': This function or variable may be unsafe. Consider using strcat_s instead. To disable deprecation, use _CRT_SECURE_NO_WARNINGS. See online help for details.
                 c:\program files (x86)\microsoft visual studio 11.0\vc\include\string.h(115) : see declaration of 'strcat'
         common.c
     1>c:\users\andy\documents\github\quake-iii-arena\code\qcommon\common.c(149): warning C4996: '_vsnprintf': This function or variable may be unsafe. Consider using _vsnprintf_s instead. To disable deprecation, use _CRT_SECURE_NO_WARNINGS. See online help for details.
                 c:\program files (x86)\microsoft visual studio 11.0\vc\include\stdio.h(349) : see declaration of '_vsnprintf'
     1>c:\users\andy\documents\github\quake-iii-arena\code\qcommon\common.c(183): warning C4996: 'localtime': This function or variable may be unsafe. Consider using localtime_s instead. To disable deprecation, use _CRT_SECURE_NO_WARNINGS. See online help for details.
                 c:\program files (x86)\microsoft visual studio 11.0\vc\include\time.inl(112) : see declaration of 'localtime'
     1>c:\users\andy\documents\github\quake-iii-arena\code\qcommon\common.c(186): warning C4996: 'asctime': This function or variable may be unsafe. Consider using asctime_s instead. To disable deprecation, use _CRT_SECURE_NO_WARNINGS. See online help for details.
                 c:\program files (x86)\microsoft visual studio 11.0\vc\include\time.h(153) : see declaration of 'asctime'
     1>c:\users\andy\documents\github\quake-iii-arena\code\qcommon\common.c(218): warning C4996: '_vsnprintf': This function or variable may be unsafe. Consider using _vsnprintf_s instead. To disable deprecation, use _CRT_SECURE_NO_WARNINGS. See online help for details.
                 c:\program files (x86)\microsoft visual studio 11.0\vc\include\stdio.h(349) : see declaration of '_vsnprintf'
     1>c:\users\andy\documents\github\quake-iii-arena\code\qcommon\common.c(274): warning C4996: 'vsprintf': This function or variable may be unsafe. Consider using vsprintf_s instead. To disable deprecation, use _CRT_SECURE_NO_WARNINGS. See online help for details.
                 c:\program files (x86)\microsoft visual studio 11.0\vc\include\stdio.h(357) : see declaration of 'vsprintf'
     1>c:\users\andy\documents\github\quake-iii-arena\code\qcommon\common.c(691): warning C4996: 'localtime': This function or variable may be unsafe. Consider using localtime_s instead. To disable deprecation, use _CRT_SECURE_NO_WARNINGS. See online help for details.
                 c:\program files (x86)\microsoft visual studio 11.0\vc\include\time.inl(112) : see declaration of 'localtime'
     1>c:\users\andy\documents\github\quake-iii-arena\code\qcommon\common.c(1154): warning C4996: 'strcpy': This function or variable may be unsafe. Consider using strcpy_s instead. To disable deprecation, use _CRT_SECURE_NO_WARNINGS. See online help for details.
                 c:\program files (x86)\microsoft visual studio 11.0\vc\include\string.h(110) : see declaration of 'strcpy'
     1>c:\users\andy\documents\github\quake-iii-arena\code\qcommon\common.c(2258): warning C4996: 'sprintf': This function or variable may be unsafe. Consider using sprintf_s instead. To disable deprecation, use _CRT_SECURE_NO_WARNINGS. See online help for details.
                 c:\program files (x86)\microsoft visual studio 11.0\vc\include\stdio.h(357) : see declaration of 'sprintf'
     1>c:\users\andy\documents\github\quake-iii-arena\code\qcommon\common.c(2288): warning C4996: 'sprintf': This function or variable may be unsafe. Consider using sprintf_s instead. To disable deprecation, use _CRT_SECURE_NO_WARNINGS. See online help for details.
                 c:\program files (x86)\microsoft visual studio 11.0\vc\include\stdio.h(357) : see declaration of 'sprintf'
     1>c:\users\andy\documents\github\quake-iii-arena\code\qcommon\common.c(2302): warning C4996: 'strcat': This function or variable may be unsafe. Consider using strcat_s instead. To disable deprecation, use _CRT_SECURE_NO_WARNINGS. See online help for details.
                 c:\program files (x86)\microsoft visual studio 11.0\vc\include\string.h(115) : see declaration of 'strcat'
     1>c:\users\andy\documents\github\quake-iii-arena\code\qcommon\common.c(2320): warning C4996: 'sprintf': This function or variable may be unsafe. Consider using sprintf_s instead. To disable deprecation, use _CRT_SECURE_NO_WARNINGS. See online help for details.
                 c:\program files (x86)\microsoft visual studio 11.0\vc\include\stdio.h(357) : see declaration of 'sprintf'
         cvar.c
     1>c:\users\andy\documents\github\quake-iii-arena\code\qcommon\cvar.c(541): warning C4996: 'strcat': This function or variable may be unsafe. Consider using strcat_s instead. To disable deprecation, use _CRT_SECURE_NO_WARNINGS. See online help for details.
                 c:\program files (x86)\microsoft visual studio 11.0\vc\include\string.h(115) : see declaration of 'strcat'
     1>c:\users\andy\documents\github\quake-iii-arena\code\qcommon\cvar.c(543): warning C4996: 'strcat': This function or variable may be unsafe. Consider using strcat_s instead. To disable deprecation, use _CRT_SECURE_NO_WARNINGS. See online help for details.
                 c:\program files (x86)\microsoft visual studio 11.0\vc\include\string.h(115) : see declaration of 'strcat'
         files.c
     1>c:\users\andy\documents\github\quake-iii-arena\code\qcommon\files.c(533): warning C4996: 'fopen': This function or variable may be unsafe. Consider using fopen_s instead. To disable deprecation, use _CRT_SECURE_NO_WARNINGS. See online help for details.
                 c:\program files (x86)\microsoft visual studio 11.0\vc\include\stdio.h(218) : see declaration of 'fopen'
     1>c:\users\andy\documents\github\quake-iii-arena\code\qcommon\files.c(552): warning C4996: 'fopen': This function or variable may be unsafe. Consider using fopen_s instead. To disable deprecation, use _CRT_SECURE_NO_WARNINGS. See online help for details.
                 c:\program files (x86)\microsoft visual studio 11.0\vc\include\stdio.h(218) : see declaration of 'fopen'
     1>c:\users\andy\documents\github\quake-iii-arena\code\qcommon\files.c(589): warning C4996: 'fopen': This function or variable may be unsafe. Consider using fopen_s instead. To disable deprecation, use _CRT_SECURE_NO_WARNINGS. See online help for details.
                 c:\program files (x86)\microsoft visual studio 11.0\vc\include\stdio.h(218) : see declaration of 'fopen'
     1>c:\users\andy\documents\github\quake-iii-arena\code\qcommon\files.c(612): warning C4996: 'fopen': This function or variable may be unsafe. Consider using fopen_s instead. To disable deprecation, use _CRT_SECURE_NO_WARNINGS. See online help for details.
                 c:\program files (x86)\microsoft visual studio 11.0\vc\include\stdio.h(218) : see declaration of 'fopen'
     1>c:\users\andy\documents\github\quake-iii-arena\code\qcommon\files.c(650): warning C4996: 'fopen': This function or variable may be unsafe. Consider using fopen_s instead. To disable deprecation, use _CRT_SECURE_NO_WARNINGS. See online help for details.
                 c:\program files (x86)\microsoft visual studio 11.0\vc\include\stdio.h(218) : see declaration of 'fopen'
     1>c:\users\andy\documents\github\quake-iii-arena\code\qcommon\files.c(693): warning C4996: 'fopen': This function or variable may be unsafe. Consider using fopen_s instead. To disable deprecation, use _CRT_SECURE_NO_WARNINGS. See online help for details.
                 c:\program files (x86)\microsoft visual studio 11.0\vc\include\stdio.h(218) : see declaration of 'fopen'
     1>c:\users\andy\documents\github\quake-iii-arena\code\qcommon\files.c(709): warning C4996: 'fopen': This function or variable may be unsafe. Consider using fopen_s instead. To disable deprecation, use _CRT_SECURE_NO_WARNINGS. See online help for details.
                 c:\program files (x86)\microsoft visual studio 11.0\vc\include\stdio.h(218) : see declaration of 'fopen'
     1>c:\users\andy\documents\github\quake-iii-arena\code\qcommon\files.c(729): warning C4996: 'fopen': This function or variable may be unsafe. Consider using fopen_s instead. To disable deprecation, use _CRT_SECURE_NO_WARNINGS. See online help for details.
                 c:\program files (x86)\microsoft visual studio 11.0\vc\include\stdio.h(218) : see declaration of 'fopen'
     1>c:\users\andy\documents\github\quake-iii-arena\code\qcommon\files.c(873): warning C4996: 'fopen': This function or variable may be unsafe. Consider using fopen_s instead. To disable deprecation, use _CRT_SECURE_NO_WARNINGS. See online help for details.
                 c:\program files (x86)\microsoft visual studio 11.0\vc\include\stdio.h(218) : see declaration of 'fopen'
     1>c:\users\andy\documents\github\quake-iii-arena\code\qcommon\files.c(916): warning C4996: 'fopen': This function or variable may be unsafe. Consider using fopen_s instead. To disable deprecation, use _CRT_SECURE_NO_WARNINGS. See online help for details.
                 c:\program files (x86)\microsoft visual studio 11.0\vc\include\stdio.h(218) : see declaration of 'fopen'
     1>c:\users\andy\documents\github\quake-iii-arena\code\qcommon\files.c(1030): warning C4996: 'fopen': This function or variable may be unsafe. Consider using fopen_s instead. To disable deprecation, use _CRT_SECURE_NO_WARNINGS. See online help for details.
                 c:\program files (x86)\microsoft visual studio 11.0\vc\include\stdio.h(218) : see declaration of 'fopen'
     1>c:\users\andy\documents\github\quake-iii-arena\code\qcommon\files.c(1184): warning C4996: 'fopen': This function or variable may be unsafe. Consider using fopen_s instead. To disable deprecation, use _CRT_SECURE_NO_WARNINGS. See online help for details.
                 c:\program files (x86)\microsoft visual studio 11.0\vc\include\stdio.h(218) : see declaration of 'fopen'
     1>c:\users\andy\documents\github\quake-iii-arena\code\qcommon\files.c(1358): warning C4996: '_vsnprintf': This function or variable may be unsafe. Consider using _vsnprintf_s instead. To disable deprecation, use _CRT_SECURE_NO_WARNINGS. See online help for details.
                 c:\program files (x86)\microsoft visual studio 11.0\vc\include\stdio.h(349) : see declaration of '_vsnprintf'
     1>c:\users\andy\documents\github\quake-iii-arena\code\qcommon\files.c(1757): warning C4996: 'strcpy': This function or variable may be unsafe. Consider using strcpy_s instead. To disable deprecation, use _CRT_SECURE_NO_WARNINGS. See online help for details.
                 c:\program files (x86)\microsoft visual studio 11.0\vc\include\string.h(110) : see declaration of 'strcpy'
     1>c:\users\andy\documents\github\quake-iii-arena\code\qcommon\files.c(1804): warning C4996: 'strcpy': This function or variable may be unsafe. Consider using strcpy_s instead. To disable deprecation, use _CRT_SECURE_NO_WARNINGS. See online help for details.
                 c:\program files (x86)\microsoft visual studio 11.0\vc\include\string.h(110) : see declaration of 'strcpy'
     1>c:\users\andy\documents\github\quake-iii-arena\code\qcommon\files.c(2023): warning C4996: 'strcpy': This function or variable may be unsafe. Consider using strcpy_s instead. To disable deprecation, use _CRT_SECURE_NO_WARNINGS. See online help for details.
                 c:\program files (x86)\microsoft visual studio 11.0\vc\include\string.h(110) : see declaration of 'strcpy'
     1>c:\users\andy\documents\github\quake-iii-arena\code\qcommon\files.c(2191): warning C4996: 'strcpy': This function or variable may be unsafe. Consider using strcpy_s instead. To disable deprecation, use _CRT_SECURE_NO_WARNINGS. See online help for details.
                 c:\program files (x86)\microsoft visual studio 11.0\vc\include\string.h(110) : see declaration of 'strcpy'
     1>c:\users\andy\documents\github\quake-iii-arena\code\qcommon\files.c(2192): warning C4996: 'strcat': This function or variable may be unsafe. Consider using strcat_s instead. To disable deprecation, use _CRT_SECURE_NO_WARNINGS. See online help for details.
                 c:\program files (x86)\microsoft visual studio 11.0\vc\include\string.h(115) : see declaration of 'strcat'
     1>c:\users\andy\documents\github\quake-iii-arena\code\qcommon\files.c(2204): warning C4996: 'strcpy': This function or variable may be unsafe. Consider using strcpy_s instead. To disable deprecation, use _CRT_SECURE_NO_WARNINGS. See online help for details.
                 c:\program files (x86)\microsoft visual studio 11.0\vc\include\string.h(110) : see declaration of 'strcpy'
     1>c:\users\andy\documents\github\quake-iii-arena\code\qcommon\files.c(2209): warning C4996: 'strcpy': This function or variable may be unsafe. Consider using strcpy_s instead. To disable deprecation, use _CRT_SECURE_NO_WARNINGS. See online help for details.
                 c:\program files (x86)\microsoft visual studio 11.0\vc\include\string.h(110) : see declaration of 'strcpy'
     1>c:\users\andy\documents\github\quake-iii-arena\code\qcommon\files.c(2211): warning C4996: 'strcpy': This function or variable may be unsafe. Consider using strcpy_s instead. To disable deprecation, use _CRT_SECURE_NO_WARNINGS. See online help for details.
                 c:\program files (x86)\microsoft visual studio 11.0\vc\include\string.h(110) : see declaration of 'strcpy'
     1>c:\users\andy\documents\github\quake-iii-arena\code\qcommon\files.c(2513): warning C4996: 'strcpy': This function or variable may be unsafe. Consider using strcpy_s instead. To disable deprecation, use _CRT_SECURE_NO_WARNINGS. See online help for details.
                 c:\program files (x86)\microsoft visual studio 11.0\vc\include\string.h(110) : see declaration of 'strcpy'
         huffman.c
         Generating Code...
         Compiling...
         md4.c
         msg.c
         net_chan.c
     1>c:\users\andy\documents\github\quake-iii-arena\code\qcommon\net_chan.c(659): warning C4996: 'vsprintf': This function or variable may be unsafe. Consider using vsprintf_s instead. To disable deprecation, use _CRT_SECURE_NO_WARNINGS. See online help for details.
                 c:\program files (x86)\microsoft visual studio 11.0\vc\include\stdio.h(357) : see declaration of 'vsprintf'
         q_math.c
         q_shared.c
     1>c:\users\andy\documents\github\quake-iii-arena\code\game\q_shared.c(268): warning C4996: 'vsprintf': This function or variable may be unsafe. Consider using vsprintf_s instead. To disable deprecation, use _CRT_SECURE_NO_WARNINGS. See online help for details.
                 c:\program files (x86)\microsoft visual studio 11.0\vc\include\stdio.h(357) : see declaration of 'vsprintf'
     1>c:\users\andy\documents\github\quake-iii-arena\code\game\q_shared.c(280): warning C4996: 'vsprintf': This function or variable may be unsafe. Consider using vsprintf_s instead. To disable deprecation, use _CRT_SECURE_NO_WARNINGS. See online help for details.
                 c:\program files (x86)\microsoft visual studio 11.0\vc\include\stdio.h(357) : see declaration of 'vsprintf'
     1>c:\users\andy\documents\github\quake-iii-arena\code\game\q_shared.c(723): warning C4996: 'strncpy': This function or variable may be unsafe. Consider using strncpy_s instead. To disable deprecation, use _CRT_SECURE_NO_WARNINGS. See online help for details.
                 c:\program files (x86)\microsoft visual studio 11.0\vc\include\string.h(191) : see declaration of 'strncpy'
     1>c:\users\andy\documents\github\quake-iii-arena\code\game\q_shared.c(876): warning C4996: 'vsprintf': This function or variable may be unsafe. Consider using vsprintf_s instead. To disable deprecation, use _CRT_SECURE_NO_WARNINGS. See online help for details.
                 c:\program files (x86)\microsoft visual studio 11.0\vc\include\stdio.h(357) : see declaration of 'vsprintf'
     1>c:\users\andy\documents\github\quake-iii-arena\code\game\q_shared.c(912): warning C4996: 'vsprintf': This function or variable may be unsafe. Consider using vsprintf_s instead. To disable deprecation, use _CRT_SECURE_NO_WARNINGS. See online help for details.
                 c:\program files (x86)\microsoft visual studio 11.0\vc\include\stdio.h(357) : see declaration of 'vsprintf'
     1>c:\users\andy\documents\github\quake-iii-arena\code\game\q_shared.c(1072): warning C4996: 'strcpy': This function or variable may be unsafe. Consider using strcpy_s instead. To disable deprecation, use _CRT_SECURE_NO_WARNINGS. See online help for details.
                 c:\program files (x86)\microsoft visual studio 11.0\vc\include\string.h(110) : see declaration of 'strcpy'
     1>c:\users\andy\documents\github\quake-iii-arena\code\game\q_shared.c(1127): warning C4996: 'strcpy': This function or variable may be unsafe. Consider using strcpy_s instead. To disable deprecation, use _CRT_SECURE_NO_WARNINGS. See online help for details.
                 c:\program files (x86)\microsoft visual studio 11.0\vc\include\string.h(110) : see declaration of 'strcpy'
     1>c:\users\andy\documents\github\quake-iii-arena\code\game\q_shared.c(1202): warning C4996: 'strcat': This function or variable may be unsafe. Consider using strcat_s instead. To disable deprecation, use _CRT_SECURE_NO_WARNINGS. See online help for details.
                 c:\program files (x86)\microsoft visual studio 11.0\vc\include\string.h(115) : see declaration of 'strcat'
     1>c:\users\andy\documents\github\quake-iii-arena\code\game\q_shared.c(1203): warning C4996: 'strcpy': This function or variable may be unsafe. Consider using strcpy_s instead. To disable deprecation, use _CRT_SECURE_NO_WARNINGS. See online help for details.
                 c:\program files (x86)\microsoft visual studio 11.0\vc\include\string.h(110) : see declaration of 'strcpy'
     1>c:\users\andy\documents\github\quake-iii-arena\code\game\q_shared.c(1250): warning C4996: 'strcat': This function or variable may be unsafe. Consider using strcat_s instead. To disable deprecation, use _CRT_SECURE_NO_WARNINGS. See online help for details.
                 c:\program files (x86)\microsoft visual studio 11.0\vc\include\string.h(115) : see declaration of 'strcat'
         snd_adpcm.c
         snd_dma.c
     1>c:\users\andy\documents\github\quake-iii-arena\code\client\snd_dma.c(323): warning C4996: 'strcpy': This function or variable may be unsafe. Consider using strcpy_s instead. To disable deprecation, use _CRT_SECURE_NO_WARNINGS. See online help for details.
                 c:\program files (x86)\microsoft visual studio 11.0\vc\include\string.h(110) : see declaration of 'strcpy'
     1>c:\users\andy\documents\github\quake-iii-arena\code\client\snd_dma.c(1346): warning C4996: 'strcpy': This function or variable may be unsafe. Consider using strcpy_s instead. To disable deprecation, use _CRT_SECURE_NO_WARNINGS. See online help for details.
                 c:\program files (x86)\microsoft visual studio 11.0\vc\include\string.h(110) : see declaration of 'strcpy'
     1>c:\users\andy\documents\github\quake-iii-arena\code\client\snd_dma.c(1347): warning C4996: 'strcpy': This function or variable may be unsafe. Consider using strcpy_s instead. To disable deprecation, use _CRT_SECURE_NO_WARNINGS. See online help for details.
                 c:\program files (x86)\microsoft visual studio 11.0\vc\include\string.h(110) : see declaration of 'strcpy'
     1>c:\users\andy\documents\github\quake-iii-arena\code\client\snd_dma.c(1348): warning C4996: 'strcpy': This function or variable may be unsafe. Consider using strcpy_s instead. To disable deprecation, use _CRT_SECURE_NO_WARNINGS. See online help for details.
                 c:\program files (x86)\microsoft visual studio 11.0\vc\include\string.h(110) : see declaration of 'strcpy'
     1>c:\users\andy\documents\github\quake-iii-arena\code\client\snd_dma.c(1349): warning C4996: 'strcpy': This function or variable may be unsafe. Consider using strcpy_s instead. To disable deprecation, use _CRT_SECURE_NO_WARNINGS. See online help for details.
                 c:\program files (x86)\microsoft visual studio 11.0\vc\include\string.h(110) : see declaration of 'strcpy'
     1>c:\users\andy\documents\github\quake-iii-arena\code\client\snd_dma.c(1350): warning C4996: 'strcpy': This function or variable may be unsafe. Consider using strcpy_s instead. To disable deprecation, use _CRT_SECURE_NO_WARNINGS. See online help for details.
                 c:\program files (x86)\microsoft visual studio 11.0\vc\include\string.h(110) : see declaration of 'strcpy'
     1>c:\users\andy\documents\github\quake-iii-arena\code\client\snd_dma.c(1351): warning C4996: 'strcpy': This function or variable may be unsafe. Consider using strcpy_s instead. To disable deprecation, use _CRT_SECURE_NO_WARNINGS. See online help for details.
                 c:\program files (x86)\microsoft visual studio 11.0\vc\include\string.h(110) : see declaration of 'strcpy'
         snd_mem.c
         snd_mix.c
         snd_wavelet.c
         sv_bot.c
     1>c:\users\andy\documents\github\quake-iii-arena\code\server\sv_bot.c(142): warning C4996: 'vsprintf': This function or variable may be unsafe. Consider using vsprintf_s instead. To disable deprecation, use _CRT_SECURE_NO_WARNINGS. See online help for details.
                 c:\program files (x86)\microsoft visual studio 11.0\vc\include\stdio.h(357) : see declaration of 'vsprintf'
         sv_ccmds.c
     1>c:\users\andy\documents\github\quake-iii-arena\code\server\sv_ccmds.c(610): warning C4996: 'strcpy': This function or variable may be unsafe. Consider using strcpy_s instead. To disable deprecation, use _CRT_SECURE_NO_WARNINGS. See online help for details.
                 c:\program files (x86)\microsoft visual studio 11.0\vc\include\string.h(110) : see declaration of 'strcpy'
     1>c:\users\andy\documents\github\quake-iii-arena\code\server\sv_ccmds.c(618): warning C4996: 'strcat': This function or variable may be unsafe. Consider using strcat_s instead. To disable deprecation, use _CRT_SECURE_NO_WARNINGS. See online help for details.
                 c:\program files (x86)\microsoft visual studio 11.0\vc\include\string.h(115) : see declaration of 'strcat'
         sv_client.c
     1>c:\users\andy\documents\github\quake-iii-arena\code\server\sv_client.c(124): warning C4996: 'strcpy': This function or variable may be unsafe. Consider using strcpy_s instead. To disable deprecation, use _CRT_SECURE_NO_WARNINGS. See online help for details.
                 c:\program files (x86)\microsoft visual studio 11.0\vc\include\string.h(110) : see declaration of 'strcpy'
     1>c:\users\andy\documents\github\quake-iii-arena\code\server\sv_client.c(127): warning C4996: 'strcpy': This function or variable may be unsafe. Consider using strcpy_s instead. To disable deprecation, use _CRT_SECURE_NO_WARNINGS. See online help for details.
                 c:\program files (x86)\microsoft visual studio 11.0\vc\include\string.h(110) : see declaration of 'strcpy'
     1>c:\users\andy\documents\github\quake-iii-arena\code\server\sv_client.c(198): warning C4996: 'sprintf': This function or variable may be unsafe. Consider using sprintf_s instead. To disable deprecation, use _CRT_SECURE_NO_WARNINGS. See online help for details.
                 c:\program files (x86)\microsoft visual studio 11.0\vc\include\stdio.h(357) : see declaration of 'sprintf'
     1>c:\users\andy\documents\github\quake-iii-arena\code\server\sv_client.c(210): warning C4996: 'sprintf': This function or variable may be unsafe. Consider using sprintf_s instead. To disable deprecation, use _CRT_SECURE_NO_WARNINGS. See online help for details.
                 c:\program files (x86)\microsoft visual studio 11.0\vc\include\stdio.h(357) : see declaration of 'sprintf'
         sv_game.c
     1>c:\users\andy\documents\github\quake-iii-arena\code\server\sv_game.c(831): warning C4996: 'strncpy': This function or variable may be unsafe. Consider using strncpy_s instead. To disable deprecation, use _CRT_SECURE_NO_WARNINGS. See online help for details.
                 c:\program files (x86)\microsoft visual studio 11.0\vc\include\string.h(191) : see declaration of 'strncpy'
         sv_init.c
         sv_main.c
     1>c:\users\andy\documents\github\quake-iii-arena\code\server\sv_main.c(104): warning C4996: 'sscanf': This function or variable may be unsafe. Consider using sscanf_s instead. To disable deprecation, use _CRT_SECURE_NO_WARNINGS. See online help for details.
                 c:\program files (x86)\microsoft visual studio 11.0\vc\include\stdio.h(311) : see declaration of 'sscanf'
     1>c:\users\andy\documents\github\quake-iii-arena\code\server\sv_main.c(105): warning C4996: 'sscanf': This function or variable may be unsafe. Consider using sscanf_s instead. To disable deprecation, use _CRT_SECURE_NO_WARNINGS. See online help for details.
                 c:\program files (x86)\microsoft visual studio 11.0\vc\include\stdio.h(311) : see declaration of 'sscanf'
     1>c:\users\andy\documents\github\quake-iii-arena\code\server\sv_main.c(172): warning C4996: '_vsnprintf': This function or variable may be unsafe. Consider using _vsnprintf_s instead. To disable deprecation, use _CRT_SECURE_NO_WARNINGS. See online help for details.
                 c:\program files (x86)\microsoft visual studio 11.0\vc\include\stdio.h(349) : see declaration of '_vsnprintf'
     1>c:\users\andy\documents\github\quake-iii-arena\code\server\sv_main.c(322): warning C4996: 'strcpy': This function or variable may be unsafe. Consider using strcpy_s instead. To disable deprecation, use _CRT_SECURE_NO_WARNINGS. See online help for details.
                 c:\program files (x86)\microsoft visual studio 11.0\vc\include\string.h(110) : see declaration of 'strcpy'
     1>c:\users\andy\documents\github\quake-iii-arena\code\server\sv_main.c(350): warning C4996: 'strcpy': This function or variable may be unsafe. Consider using strcpy_s instead. To disable deprecation, use _CRT_SECURE_NO_WARNINGS. See online help for details.
                 c:\program files (x86)\microsoft visual studio 11.0\vc\include\string.h(110) : see declaration of 'strcpy'
         sv_net_chan.c
         sv_snapshot.c
         sv_world.c
         unzip.c
     1>c:\users\andy\documents\github\quake-iii-arena\code\qcommon\unzip.c(1293): warning C4996: 'fopen': This function or variable may be unsafe. Consider using fopen_s instead. To disable deprecation, use _CRT_SECURE_NO_WARNINGS. See online help for details.
                 c:\program files (x86)\microsoft visual studio 11.0\vc\include\stdio.h(218) : see declaration of 'fopen'
     1>c:\users\andy\documents\github\quake-iii-arena\code\qcommon\unzip.c(1330): warning C4996: 'fopen': This function or variable may be unsafe. Consider using fopen_s instead. To disable deprecation, use _CRT_SECURE_NO_WARNINGS. See online help for details.
                 c:\program files (x86)\microsoft visual studio 11.0\vc\include\stdio.h(218) : see declaration of 'fopen'
         Generating Code...
         Compiling...
         vm.c
     1>c:\users\andy\documents\github\quake-iii-arena\code\qcommon\vm.c(820): warning C4996: 'fopen': This function or variable may be unsafe. Consider using fopen_s instead. To disable deprecation, use _CRT_SECURE_NO_WARNINGS. See online help for details.
                 c:\program files (x86)\microsoft visual studio 11.0\vc\include\stdio.h(218) : see declaration of 'fopen'
         vm_interpreted.c
         vm_x86.c
         win_input.c
         win_main.c
     1>c:\users\andy\documents\github\quake-iii-arena\code\win32\win_main.c(56): warning C4996: 'open': The POSIX name for this item is deprecated. Instead, use the ISO C++ conformant name: _open. See online help for details.
                 c:\program files (x86)\microsoft visual studio 11.0\vc\include\io.h(315) : see declaration of 'open'
     1>c:\users\andy\documents\github\quake-iii-arena\code\win32\win_main.c(64): warning C4996: 'close': The POSIX name for this item is deprecated. Instead, use the ISO C++ conformant name: _close. See online help for details.
                 c:\program files (x86)\microsoft visual studio 11.0\vc\include\io.h(305) : see declaration of 'close'
     1>c:\users\andy\documents\github\quake-iii-arena\code\win32\win_main.c(77): warning C4996: 'vsprintf': This function or variable may be unsafe. Consider using vsprintf_s instead. To disable deprecation, use _CRT_SECURE_NO_WARNINGS. See online help for details.
                 c:\program files (x86)\microsoft visual studio 11.0\vc\include\stdio.h(357) : see declaration of 'vsprintf'
     1>c:\users\andy\documents\github\quake-iii-arena\code\win32\win_main.c(78): warning C4996: 'write': The POSIX name for this item is deprecated. Instead, use the ISO C++ conformant name: _write. See online help for details.
                 c:\program files (x86)\microsoft visual studio 11.0\vc\include\io.h(321) : see declaration of 'write'
     1>c:\users\andy\documents\github\quake-iii-arena\code\win32\win_main.c(119): warning C4996: 'vsprintf': This function or variable may be unsafe. Consider using vsprintf_s instead. To disable deprecation, use _CRT_SECURE_NO_WARNINGS. See online help for details.
                 c:\program files (x86)\microsoft visual studio 11.0\vc\include\stdio.h(357) : see declaration of 'vsprintf'
     1>c:\users\andy\documents\github\quake-iii-arena\code\win32\win_main.c(430): warning C4996: 'sprintf': This function or variable may be unsafe. Consider using sprintf_s instead. To disable deprecation, use _CRT_SECURE_NO_WARNINGS. See online help for details.
                 c:\program files (x86)\microsoft visual studio 11.0\vc\include\stdio.h(357) : see declaration of 'sprintf'
     1>c:\users\andy\documents\github\quake-iii-arena\code\win32\win_main.c(431): warning C4996: 'sprintf': This function or variable may be unsafe. Consider using sprintf_s instead. To disable deprecation, use _CRT_SECURE_NO_WARNINGS. See online help for details.
                 c:\program files (x86)\microsoft visual studio 11.0\vc\include\stdio.h(357) : see declaration of 'sprintf'
     1>c:\users\andy\documents\github\quake-iii-arena\code\win32\win_main.c(432): warning C4996: 'fopen': This function or variable may be unsafe. Consider using fopen_s instead. To disable deprecation, use _CRT_SECURE_NO_WARNINGS. See online help for details.
                 c:\program files (x86)\microsoft visual studio 11.0\vc\include\stdio.h(218) : see declaration of 'fopen'
     1>c:\users\andy\documents\github\quake-iii-arena\code\win32\win_main.c(437): warning C4996: 'sprintf': This function or variable may be unsafe. Consider using sprintf_s instead. To disable deprecation, use _CRT_SECURE_NO_WARNINGS. See online help for details.
                 c:\program files (x86)\microsoft visual studio 11.0\vc\include\stdio.h(357) : see declaration of 'sprintf'
     1>c:\users\andy\documents\github\quake-iii-arena\code\win32\win_main.c(438): warning C4996: 'sprintf': This function or variable may be unsafe. Consider using sprintf_s instead. To disable deprecation, use _CRT_SECURE_NO_WARNINGS. See online help for details.
                 c:\program files (x86)\microsoft visual studio 11.0\vc\include\stdio.h(357) : see declaration of 'sprintf'
     1>c:\users\andy\documents\github\quake-iii-arena\code\win32\win_main.c(439): warning C4996: 'fopen': This function or variable may be unsafe. Consider using fopen_s instead. To disable deprecation, use _CRT_SECURE_NO_WARNINGS. See online help for details.
                 c:\program files (x86)\microsoft visual studio 11.0\vc\include\stdio.h(218) : see declaration of 'fopen'
     1>c:\users\andy\documents\github\quake-iii-arena\code\win32\win_main.c(483): warning C4996: 'strtok': This function or variable may be unsafe. Consider using strtok_s instead. To disable deprecation, use _CRT_SECURE_NO_WARNINGS. See online help for details.
                 c:\program files (x86)\microsoft visual studio 11.0\vc\include\string.h(200) : see declaration of 'strtok'
         win_net.c
     1>c:\users\andy\documents\github\quake-iii-arena\code\win32\win_net.c(182): warning C4996: 'sscanf': This function or variable may be unsafe. Consider using sscanf_s instead. To disable deprecation, use _CRT_SECURE_NO_WARNINGS. See online help for details.
                 c:\program files (x86)\microsoft visual studio 11.0\vc\include\stdio.h(311) : see declaration of 'sscanf'
     1>c:\users\andy\documents\github\quake-iii-arena\code\win32\win_net.c(183): warning C4996: 'sscanf': This function or variable may be unsafe. Consider using sscanf_s instead. To disable deprecation, use _CRT_SECURE_NO_WARNINGS. See online help for details.
                 c:\program files (x86)\microsoft visual studio 11.0\vc\include\stdio.h(311) : see declaration of 'sscanf'
     1>c:\users\andy\documents\github\quake-iii-arena\code\win32\win_net.c(184): warning C4996: 'sscanf': This function or variable may be unsafe. Consider using sscanf_s instead. To disable deprecation, use _CRT_SECURE_NO_WARNINGS. See online help for details.
                 c:\program files (x86)\microsoft visual studio 11.0\vc\include\stdio.h(311) : see declaration of 'sscanf'
     1>c:\users\andy\documents\github\quake-iii-arena\code\win32\win_net.c(185): warning C4996: 'sscanf': This function or variable may be unsafe. Consider using sscanf_s instead. To disable deprecation, use _CRT_SECURE_NO_WARNINGS. See online help for details.
                 c:\program files (x86)\microsoft visual studio 11.0\vc\include\stdio.h(311) : see declaration of 'sscanf'
     1>c:\users\andy\documents\github\quake-iii-arena\code\win32\win_net.c(186): warning C4996: 'sscanf': This function or variable may be unsafe. Consider using sscanf_s instead. To disable deprecation, use _CRT_SECURE_NO_WARNINGS. See online help for details.
                 c:\program files (x86)\microsoft visual studio 11.0\vc\include\stdio.h(311) : see declaration of 'sscanf'
     1>c:\users\andy\documents\github\quake-iii-arena\code\win32\win_net.c(187): warning C4996: 'sscanf': This function or variable may be unsafe. Consider using sscanf_s instead. To disable deprecation, use _CRT_SECURE_NO_WARNINGS. See online help for details.
                 c:\program files (x86)\microsoft visual studio 11.0\vc\include\stdio.h(311) : see declaration of 'sscanf'
     1>c:\users\andy\documents\github\quake-iii-arena\code\win32\win_net.c(188): warning C4996: 'sscanf': This function or variable may be unsafe. Consider using sscanf_s instead. To disable deprecation, use _CRT_SECURE_NO_WARNINGS. See online help for details.
                 c:\program files (x86)\microsoft visual studio 11.0\vc\include\stdio.h(311) : see declaration of 'sscanf'
     1>c:\users\andy\documents\github\quake-iii-arena\code\win32\win_net.c(189): warning C4996: 'sscanf': This function or variable may be unsafe. Consider using sscanf_s instead. To disable deprecation, use _CRT_SECURE_NO_WARNINGS. See online help for details.
                 c:\program files (x86)\microsoft visual studio 11.0\vc\include\stdio.h(311) : see declaration of 'sscanf'
     1>c:\users\andy\documents\github\quake-iii-arena\code\win32\win_net.c(190): warning C4996: 'sscanf': This function or variable may be unsafe. Consider using sscanf_s instead. To disable deprecation, use _CRT_SECURE_NO_WARNINGS. See online help for details.
                 c:\program files (x86)\microsoft visual studio 11.0\vc\include\stdio.h(311) : see declaration of 'sscanf'
     1>c:\users\andy\documents\github\quake-iii-arena\code\win32\win_net.c(191): warning C4996: 'sscanf': This function or variable may be unsafe. Consider using sscanf_s instead. To disable deprecation, use _CRT_SECURE_NO_WARNINGS. See online help for details.
                 c:\program files (x86)\microsoft visual studio 11.0\vc\include\stdio.h(311) : see declaration of 'sscanf'
     1>c:\users\andy\documents\github\quake-iii-arena\code\win32\win_net.c(491): warning C4133: 'function' : incompatible types - from 'qboolean *' to 'u_long *'
         win_shared.c
     1>c:\users\andy\documents\github\quake-iii-arena\code\win32\win_shared.c(288): warning C4996: 'strcpy': This function or variable may be unsafe. Consider using strcpy_s instead. To disable deprecation, use _CRT_SECURE_NO_WARNINGS. See online help for details.
                 c:\program files (x86)\microsoft visual studio 11.0\vc\include\string.h(110) : see declaration of 'strcpy'
     1>c:\users\andy\documents\github\quake-iii-arena\code\win32\win_shared.c(292): warning C4996: 'strcpy': This function or variable may be unsafe. Consider using strcpy_s instead. To disable deprecation, use _CRT_SECURE_NO_WARNINGS. See online help for details.
                 c:\program files (x86)\microsoft visual studio 11.0\vc\include\string.h(110) : see declaration of 'strcpy'
         win_snd.c
         win_syscon.c
     1>c:\users\andy\documents\github\quake-iii-arena\code\win32\win_syscon.c(279): warning C4996: 'strncat': This function or variable may be unsafe. Consider using strncat_s instead. To disable deprecation, use _CRT_SECURE_NO_WARNINGS. See online help for details.
                 c:\program files (x86)\microsoft visual studio 11.0\vc\include\string.h(182) : see declaration of 'strncat'
     1>c:\users\andy\documents\github\quake-iii-arena\code\win32\win_syscon.c(280): warning C4996: 'strcat': This function or variable may be unsafe. Consider using strcat_s instead. To disable deprecation, use _CRT_SECURE_NO_WARNINGS. See online help for details.
                 c:\program files (x86)\microsoft visual studio 11.0\vc\include\string.h(115) : see declaration of 'strcat'
     1>c:\users\andy\documents\github\quake-iii-arena\code\win32\win_syscon.c(487): warning C4996: 'strcpy': This function or variable may be unsafe. Consider using strcpy_s instead. To disable deprecation, use _CRT_SECURE_NO_WARNINGS. See online help for details.
                 c:\program files (x86)\microsoft visual studio 11.0\vc\include\string.h(110) : see declaration of 'strcpy'
         win_wndproc.c
         Generating Code...
       ResourceCompile:
         C:\Program Files (x86)\Windows Kits\8.0\bin\x86\rc.exe /D _DEBUG /l"0x0409" /Iwin32 /nologo /fo"win32\winquake.res" win32\winquake.rc 
       Link:
         C:\Program Files (x86)\Microsoft Visual Studio 11.0\VC\bin\link.exe /ERRORREPORT:PROMPT /OUT:".\Debug/quake3.exe" /INCREMENTAL /NOLOGO winmm.lib wsock32.lib kernel32.lib user32.lib gdi32.lib winspool.lib comdlg32.lib advapi32.lib shell32.lib ole32.lib oleaut32.lib uuid.lib odbc32.lib odbccp32.lib /MANIFEST /MANIFESTUAC:"level='asInvoker' uiAccess='false'" /manifest:embed /DEBUG /PDB:".\Debug/quake3.pdb" /MAP:".\Debug/quake3.map" /SUBSYSTEM:WINDOWS /STACK:"8388608" /TLBID:1 /DYNAMICBASE /NXCOMPAT /IMPLIB:".\Debug\quake3.lib" /MACHINE:X86 /SAFESEH win32\winquake.res
         .\Debug/cl_cgame.obj
         .\Debug/cl_cin.obj
         .\Debug/cl_console.obj
         .\Debug/cl_input.obj
         .\Debug/cl_keys.obj
         .\Debug/cl_main.obj
         .\Debug/cl_net_chan.obj
         .\Debug/cl_parse.obj
         .\Debug/cl_scrn.obj
         .\Debug/cl_ui.obj
         .\Debug/cm_load.obj
         .\Debug/cm_patch.obj
         .\Debug/cm_polylib.obj
         .\Debug/cm_test.obj
         .\Debug/cm_trace.obj
         .\Debug/cmd.obj
         .\Debug/common.obj
         .\Debug/cvar.obj
         .\Debug/files.obj
         .\Debug/huffman.obj
         .\Debug/md4.obj
         .\Debug/msg.obj
         .\Debug/net_chan.obj
         .\Debug/q_math.obj
         .\Debug/q_shared.obj
         .\Debug/snd_adpcm.obj
         .\Debug/snd_dma.obj
         .\Debug/snd_mem.obj
         .\Debug/snd_mix.obj
         .\Debug/snd_wavelet.obj
         .\Debug/sv_bot.obj
         .\Debug/sv_ccmds.obj
         .\Debug/sv_client.obj
         .\Debug/sv_game.obj
         .\Debug/sv_init.obj
         .\Debug/sv_main.obj
         .\Debug/sv_net_chan.obj
         .\Debug/sv_snapshot.obj
         .\Debug/sv_world.obj
         .\Debug/unzip.obj
         .\Debug/vm.obj
         .\Debug/vm_interpreted.obj
         .\Debug/vm_x86.obj
         .\Debug/win_input.obj
         .\Debug/win_main.obj
         .\Debug/win_net.obj
         .\Debug/win_shared.obj
         .\Debug/win_snd.obj
         .\Debug/win_syscon.obj
         .\Debug/win_wndproc.obj
         "C:\Users\Andy\Documents\GitHub\Quake-III-Arena\code\botlib\Debug\botlib.lib"
         "C:\Users\Andy\Documents\GitHub\Quake-III-Arena\code\renderer\Debug\renderer.lib"
         "C:\Users\Andy\Documents\GitHub\Quake-III-Arena\code\splines\Debug\Splines.lib"
     1>cl_cgame.obj : warning LNK4075: ignoring '/EDITANDCONTINUE' due to '/SAFESEH' specification
         quake3.vcxproj -> C:\Users\Andy\Documents\GitHub\Quake-III-Arena\code\.\Debug\quake3.exe
       BscMake:
         C:\Program Files (x86)\Microsoft Visual Studio 11.0\VC\bin\bscmake.exe /nologo /o".\Debug\quake3.bsc" .\Debug/cl_cgame.sbr .\Debug/cl_cin.sbr .\Debug/cl_console.sbr .\Debug/cl_input.sbr .\Debug/cl_keys.sbr .\Debug/cl_main.sbr .\Debug/cl_net_chan.sbr .\Debug/cl_parse.sbr .\Debug/cl_scrn.sbr .\Debug/cl_ui.sbr .\Debug/cm_load.sbr .\Debug/cm_patch.sbr .\Debug/cm_polylib.sbr .\Debug/cm_test.sbr .\Debug/cm_trace.sbr .\Debug/cmd.sbr .\Debug/common.sbr .\Debug/cvar.sbr .\Debug/files.sbr .\Debug/huffman.sbr .\Debug/md4.sbr .\Debug/msg.sbr .\Debug/net_chan.sbr .\Debug/q_math.sbr .\Debug/q_shared.sbr .\Debug/snd_adpcm.sbr .\Debug/snd_dma.sbr .\Debug/snd_mem.sbr .\Debug/snd_mix.sbr .\Debug/snd_wavelet.sbr .\Debug/sv_bot.sbr .\Debug/sv_ccmds.sbr .\Debug/sv_client.sbr .\Debug/sv_game.sbr .\Debug/sv_init.sbr .\Debug/sv_main.sbr .\Debug/sv_net_chan.sbr .\Debug/sv_snapshot.sbr .\Debug/sv_world.sbr .\Debug/unzip.sbr .\Debug/vm.sbr .\Debug/vm_interpreted.sbr .\Debug/vm_x86.sbr .\Debug/win_input.sbr .\Debug/win_main.sbr .\Debug/win_net.sbr .\Debug/win_shared.sbr .\Debug/win_snd.sbr .\Debug/win_syscon.sbr .\Debug/win_wndproc.sbr
       PostBuildEvent:
         rem bash -c "perl ./unix/cons -- debug"
         :VCEnd
     1>Done Building Project "C:\Users\Andy\Documents\GitHub\Quake-III-Arena\code\quake3.vcxproj" (Build target(s)).

Build succeeded.

Time Elapsed 00:00:10.25
